  [1m[35m (0.1ms)[0m  [1m[34mSELECT sqlite_version(*)[0m
  ↳ /Users/sbarker/.rvm/gems/ruby-2.3.3/bin/rake:23
  [1m[35m (2.2ms)[0m  [1m[35mCREATE TABLE "schema_migrations" ("version" varchar NOT NULL PRIMARY KEY)[0m
  ↳ /Users/sbarker/.rvm/gems/ruby-2.3.3/bin/rake:23
  [1m[35m (2.9ms)[0m  [1m[35mCREATE TABLE "ar_internal_metadata" ("key" varchar NOT NULL PRIMARY KEY, "value" varchar, "created_at" datetime NOT NULL, "updated_at" datetime NOT NULL)[0m
  ↳ /Users/sbarker/.rvm/gems/ruby-2.3.3/bin/rake:23
  [1m[35m (0.2ms)[0m  [1m[34mSELECT "schema_migrations"."version" FROM "schema_migrations" ORDER BY "schema_migrations"."version" ASC[0m
  ↳ /Users/sbarker/.rvm/gems/ruby-2.3.3/bin/rake:23
Migrating to CreateBrands (20190206130906)
  [1m[35m (0.1ms)[0m  [1m[36mbegin transaction[0m
  ↳ /Users/sbarker/.rvm/gems/ruby-2.3.3/bin/rake:23
  [1m[35m (0.6ms)[0m  [1m[35mCREATE TABLE "brands" ("id" integer PRIMARY KEY AUTOINCREMENT NOT NULL, "name" varchar, "created_at" datetime NOT NULL, "updated_at" datetime NOT NULL)[0m
  ↳ db/migrate/20190206130906_create_brands.rb:3
  [1m[36mActiveRecord::SchemaMigration Create (0.2ms)[0m  [1m[32mINSERT INTO "schema_migrations" ("version") VALUES (?)[0m  [["version", "20190206130906"]]
  ↳ /Users/sbarker/.rvm/gems/ruby-2.3.3/bin/rake:23
  [1m[35m (1.8ms)[0m  [1m[36mcommit transaction[0m
  ↳ /Users/sbarker/.rvm/gems/ruby-2.3.3/bin/rake:23
Migrating to CreateOwners (20190206130911)
  [1m[35m (1.0ms)[0m  [1m[36mbegin transaction[0m
  ↳ /Users/sbarker/.rvm/gems/ruby-2.3.3/bin/rake:23
  [1m[35m (1.0ms)[0m  [1m[35mCREATE TABLE "owners" ("id" integer PRIMARY KEY AUTOINCREMENT NOT NULL, "name" varchar, "created_at" datetime NOT NULL, "updated_at" datetime NOT NULL)[0m
  ↳ db/migrate/20190206130911_create_owners.rb:3
  [1m[36mActiveRecord::SchemaMigration Create (0.3ms)[0m  [1m[32mINSERT INTO "schema_migrations" ("version") VALUES (?)[0m  [["version", "20190206130911"]]
  ↳ /Users/sbarker/.rvm/gems/ruby-2.3.3/bin/rake:23
  [1m[35m (1.5ms)[0m  [1m[36mcommit transaction[0m
  ↳ /Users/sbarker/.rvm/gems/ruby-2.3.3/bin/rake:23
Migrating to CreateMechanics (20190206130917)
  [1m[35m (0.1ms)[0m  [1m[36mbegin transaction[0m
  ↳ /Users/sbarker/.rvm/gems/ruby-2.3.3/bin/rake:23
  [1m[35m (0.5ms)[0m  [1m[35mCREATE TABLE "mechanics" ("id" integer PRIMARY KEY AUTOINCREMENT NOT NULL, "name" varchar, "created_at" datetime NOT NULL, "updated_at" datetime NOT NULL)[0m
  ↳ db/migrate/20190206130917_create_mechanics.rb:3
  [1m[36mActiveRecord::SchemaMigration Create (0.2ms)[0m  [1m[32mINSERT INTO "schema_migrations" ("version") VALUES (?)[0m  [["version", "20190206130917"]]
  ↳ /Users/sbarker/.rvm/gems/ruby-2.3.3/bin/rake:23
  [1m[35m (4.1ms)[0m  [1m[36mcommit transaction[0m
  ↳ /Users/sbarker/.rvm/gems/ruby-2.3.3/bin/rake:23
Migrating to CreateCars (20190206131122)
  [1m[35m (0.1ms)[0m  [1m[36mbegin transaction[0m
  ↳ /Users/sbarker/.rvm/gems/ruby-2.3.3/bin/rake:23
  [1m[35m (0.1ms)[0m  [1m[31mrollback transaction[0m
  ↳ /Users/sbarker/.rvm/gems/ruby-2.3.3/bin/rake:23
  [1m[35m (0.1ms)[0m  [1m[34mSELECT "schema_migrations"."version" FROM "schema_migrations" ORDER BY "schema_migrations"."version" ASC[0m
  ↳ /Users/sbarker/.rvm/gems/ruby-2.3.3/bin/rake:23
Migrating to CreateCars (20190206131122)
  [1m[35m (0.0ms)[0m  [1m[36mbegin transaction[0m
  ↳ /Users/sbarker/.rvm/gems/ruby-2.3.3/bin/rake:23
  [1m[35m (0.0ms)[0m  [1m[31mrollback transaction[0m
  ↳ /Users/sbarker/.rvm/gems/ruby-2.3.3/bin/rake:23
  [1m[35m (0.6ms)[0m  [1m[34mSELECT "schema_migrations"."version" FROM "schema_migrations" ORDER BY "schema_migrations"."version" ASC[0m
  ↳ /Users/sbarker/.rvm/gems/ruby-2.3.3/bin/rake:23
Migrating to CreateCars (20190206131324)
  [1m[35m (0.0ms)[0m  [1m[36mbegin transaction[0m
  ↳ /Users/sbarker/.rvm/gems/ruby-2.3.3/bin/rake:23
  [1m[35m (0.1ms)[0m  [1m[34mSELECT sqlite_version(*)[0m
  ↳ db/migrate/20190206131324_create_cars.rb:3
  [1m[35m (0.5ms)[0m  [1m[35mCREATE TABLE "cars" ("id" integer PRIMARY KEY AUTOINCREMENT NOT NULL, "brand_id" integer, "owner_id" integer, "mechanic_id" integer, "created_at" datetime NOT NULL, "updated_at" datetime NOT NULL, CONSTRAINT "fk_rails_b03df9d15e"
FOREIGN KEY ("brand_id")
  REFERENCES "brands" ("id")
, CONSTRAINT "fk_rails_41e03c1fe5"
FOREIGN KEY ("owner_id")
  REFERENCES "owners" ("id")
, CONSTRAINT "fk_rails_906bc39776"
FOREIGN KEY ("mechanic_id")
  REFERENCES "mechanics" ("id")
)[0m
  ↳ db/migrate/20190206131324_create_cars.rb:3
  [1m[35m (0.1ms)[0m  [1m[35mCREATE  INDEX "index_cars_on_brand_id" ON "cars" ("brand_id")[0m
  ↳ db/migrate/20190206131324_create_cars.rb:3
  [1m[35m (0.1ms)[0m  [1m[35mCREATE  INDEX "index_cars_on_owner_id" ON "cars" ("owner_id")[0m
  ↳ db/migrate/20190206131324_create_cars.rb:3
  [1m[35m (0.1ms)[0m  [1m[35mCREATE  INDEX "index_cars_on_mechanic_id" ON "cars" ("mechanic_id")[0m
  ↳ db/migrate/20190206131324_create_cars.rb:3
  [1m[36mActiveRecord::SchemaMigration Create (0.4ms)[0m  [1m[32mINSERT INTO "schema_migrations" ("version") VALUES (?)[0m  [["version", "20190206131324"]]
  ↳ /Users/sbarker/.rvm/gems/ruby-2.3.3/bin/rake:23
  [1m[35m (1.0ms)[0m  [1m[36mcommit transaction[0m
  ↳ /Users/sbarker/.rvm/gems/ruby-2.3.3/bin/rake:23
  [1m[36mActiveRecord::InternalMetadata Load (0.4ms)[0m  [1m[34mSELECT  "ar_internal_metadata".* FROM "ar_internal_metadata" WHERE "ar_internal_metadata"."key" = ? LIMIT ?[0m  [["key", "environment"], ["LIMIT", 1]]
  ↳ /Users/sbarker/.rvm/gems/ruby-2.3.3/bin/rake:23
  [1m[35m (0.1ms)[0m  [1m[36mbegin transaction[0m
  ↳ /Users/sbarker/.rvm/gems/ruby-2.3.3/bin/rake:23
  [1m[36mActiveRecord::InternalMetadata Create (1.1ms)[0m  [1m[32mINSERT INTO "ar_internal_metadata" ("key", "value", "created_at", "updated_at") VALUES (?, ?, ?, ?)[0m  [["key", "environment"], ["value", "development"], ["created_at", "2019-02-06 13:13:35.047906"], ["updated_at", "2019-02-06 13:13:35.047906"]]
  ↳ /Users/sbarker/.rvm/gems/ruby-2.3.3/bin/rake:23
  [1m[35m (0.9ms)[0m  [1m[36mcommit transaction[0m
  ↳ /Users/sbarker/.rvm/gems/ruby-2.3.3/bin/rake:23
  [1m[35m (0.1ms)[0m  [1m[34mSELECT "schema_migrations"."version" FROM "schema_migrations" ORDER BY "schema_migrations"."version" ASC[0m
  ↳ /Users/sbarker/.rvm/gems/ruby-2.3.3/bin/rake:23
  [1m[35m (0.1ms)[0m  [1m[36mbegin transaction[0m
  [1m[36mBrand Create (1.2ms)[0m  [1m[32mINSERT INTO "brands" ("name", "created_at", "updated_at") VALUES (?, ?, ?)[0m  [["name", "bmw"], ["created_at", "2019-02-06 13:16:13.426343"], ["updated_at", "2019-02-06 13:16:13.426343"]]
  [1m[35m (0.9ms)[0m  [1m[36mcommit transaction[0m
  [1m[35m (0.1ms)[0m  [1m[36mbegin transaction[0m
  [1m[36mOwner Create (0.9ms)[0m  [1m[32mINSERT INTO "owners" ("name", "created_at", "updated_at") VALUES (?, ?, ?)[0m  [["name", "sam"], ["created_at", "2019-02-06 13:16:24.111890"], ["updated_at", "2019-02-06 13:16:24.111890"]]
  [1m[35m (0.8ms)[0m  [1m[36mcommit transaction[0m
  [1m[35m (0.1ms)[0m  [1m[36mbegin transaction[0m
  [1m[36mMechanic Create (0.8ms)[0m  [1m[32mINSERT INTO "mechanics" ("name", "created_at", "updated_at") VALUES (?, ?, ?)[0m  [["name", "alice"], ["created_at", "2019-02-06 13:16:52.939279"], ["updated_at", "2019-02-06 13:16:52.939279"]]
  [1m[35m (1.0ms)[0m  [1m[36mcommit transaction[0m
  [1m[35m (0.1ms)[0m  [1m[36mbegin transaction[0m
  [1m[36mCar Create (0.6ms)[0m  [1m[32mINSERT INTO "cars" ("brand_id", "owner_id", "mechanic_id", "created_at", "updated_at") VALUES (?, ?, ?, ?, ?)[0m  [["brand_id", 1], ["owner_id", 1], ["mechanic_id", 1], ["created_at", "2019-02-06 13:17:14.620539"], ["updated_at", "2019-02-06 13:17:14.620539"]]
  [1m[35m (1.0ms)[0m  [1m[36mcommit transaction[0m
  [1m[36mCar Load (0.2ms)[0m  [1m[34mSELECT  "cars".* FROM "cars" WHERE "cars"."mechanic_id" = ? LIMIT ?[0m  [["mechanic_id", 1], ["LIMIT", 11]]
  [1m[36mOwner Load (0.2ms)[0m  [1m[34mSELECT  "owners".* FROM "owners" INNER JOIN "cars" ON "owners"."id" = "cars"."owner_id" WHERE "cars"."mechanic_id" = ? LIMIT ?[0m  [["mechanic_id", 1], ["LIMIT", 11]]
  [1m[36mBrand Load (0.3ms)[0m  [1m[34mSELECT  "brands".* FROM "brands" INNER JOIN "cars" ON "brands"."id" = "cars"."brand_id" WHERE "cars"."owner_id" = ? LIMIT ?[0m  [["owner_id", 1], ["LIMIT", 11]]
Started GET "/" for 127.0.0.1 at 2019-02-06 13:19:42 +0000
  [1m[35m (0.1ms)[0m  [1m[34mSELECT "schema_migrations"."version" FROM "schema_migrations" ORDER BY "schema_migrations"."version" ASC[0m
  ↳ /Users/sbarker/.rvm/gems/ruby-2.3.3/gems/activerecord-5.2.2/lib/active_record/log_subscriber.rb:98
Processing by Rails::WelcomeController#index as HTML
  Rendering /Users/sbarker/.rvm/gems/ruby-2.3.3/gems/railties-5.2.2/lib/rails/templates/rails/welcome/index.html.erb
  Rendered /Users/sbarker/.rvm/gems/ruby-2.3.3/gems/railties-5.2.2/lib/rails/templates/rails/welcome/index.html.erb (4.6ms)
Completed 200 OK in 24ms (Views: 13.1ms | ActiveRecord: 0.0ms)


Started GET "/cars" for 127.0.0.1 at 2019-02-06 13:24:58 +0000
Processing by CarsController#index as HTML
  Rendering cars/index.html.erb within layouts/application
  [1m[36mCar Load (0.2ms)[0m  [1m[34mSELECT "cars".* FROM "cars"[0m
  ↳ app/views/cars/index.html.erb:3
  [1m[36mOwner Load (0.1ms)[0m  [1m[34mSELECT  "owners".* FROM "owners" WHERE "owners"."id" = ? LIMIT ?[0m  [["id", 1], ["LIMIT", 1]]
  ↳ app/views/cars/index.html.erb:5
  [1m[36mBrand Load (0.1ms)[0m  [1m[34mSELECT  "brands".* FROM "brands" WHERE "brands"."id" = ? LIMIT ?[0m  [["id", 1], ["LIMIT", 1]]
  ↳ app/views/cars/index.html.erb:5
  Rendered cars/index.html.erb within layouts/application (34.9ms)
Completed 200 OK in 713ms (Views: 705.2ms | ActiveRecord: 2.0ms)


Started GET "/cars/1" for 127.0.0.1 at 2019-02-06 13:25:02 +0000
  
AbstractController::ActionNotFound (The action 'show' could not be found for CarsController):
  
actionpack (5.2.2) lib/abstract_controller/base.rb:129:in `process'
actionview (5.2.2) lib/action_view/rendering.rb:32:in `process'
actionpack (5.2.2) lib/action_controller/metal.rb:191:in `dispatch'
actionpack (5.2.2) lib/action_controller/metal.rb:252:in `dispatch'
actionpack (5.2.2) lib/action_dispatch/routing/route_set.rb:52:in `dispatch'
actionpack (5.2.2) lib/action_dispatch/routing/route_set.rb:34:in `serve'
actionpack (5.2.2) lib/action_dispatch/journey/router.rb:52:in `block in serve'
actionpack (5.2.2) lib/action_dispatch/journey/router.rb:35:in `each'
actionpack (5.2.2) lib/action_dispatch/journey/router.rb:35:in `serve'
actionpack (5.2.2) lib/action_dispatch/routing/route_set.rb:840:in `call'
rack (2.0.6) lib/rack/tempfile_reaper.rb:15:in `call'
rack (2.0.6) lib/rack/etag.rb:25:in `call'
rack (2.0.6) lib/rack/conditional_get.rb:25:in `call'
rack (2.0.6) lib/rack/head.rb:12:in `call'
actionpack (5.2.2) lib/action_dispatch/http/content_security_policy.rb:18:in `call'
rack (2.0.6) lib/rack/session/abstract/id.rb:232:in `context'
rack (2.0.6) lib/rack/session/abstract/id.rb:226:in `call'
actionpack (5.2.2) lib/action_dispatch/middleware/cookies.rb:670:in `call'
activerecord (5.2.2) lib/active_record/migration.rb:559:in `call'
actionpack (5.2.2) lib/action_dispatch/middleware/callbacks.rb:28:in `block in call'
activesupport (5.2.2) lib/active_support/callbacks.rb:98:in `run_callbacks'
actionpack (5.2.2) lib/action_dispatch/middleware/callbacks.rb:26:in `call'
actionpack (5.2.2) lib/action_dispatch/middleware/executor.rb:14:in `call'
actionpack (5.2.2) lib/action_dispatch/middleware/debug_exceptions.rb:61:in `call'
web-console (3.7.0) lib/web_console/middleware.rb:135:in `call_app'
web-console (3.7.0) lib/web_console/middleware.rb:30:in `block in call'
web-console (3.7.0) lib/web_console/middleware.rb:20:in `catch'
web-console (3.7.0) lib/web_console/middleware.rb:20:in `call'
actionpack (5.2.2) lib/action_dispatch/middleware/show_exceptions.rb:33:in `call'
railties (5.2.2) lib/rails/rack/logger.rb:38:in `call_app'
railties (5.2.2) lib/rails/rack/logger.rb:26:in `block in call'
activesupport (5.2.2) lib/active_support/tagged_logging.rb:71:in `block in tagged'
activesupport (5.2.2) lib/active_support/tagged_logging.rb:28:in `tagged'
activesupport (5.2.2) lib/active_support/tagged_logging.rb:71:in `tagged'
railties (5.2.2) lib/rails/rack/logger.rb:26:in `call'
sprockets-rails (3.2.1) lib/sprockets/rails/quiet_assets.rb:13:in `call'
actionpack (5.2.2) lib/action_dispatch/middleware/remote_ip.rb:81:in `call'
actionpack (5.2.2) lib/action_dispatch/middleware/request_id.rb:27:in `call'
rack (2.0.6) lib/rack/method_override.rb:22:in `call'
rack (2.0.6) lib/rack/runtime.rb:22:in `call'
activesupport (5.2.2) lib/active_support/cache/strategy/local_cache_middleware.rb:29:in `call'
actionpack (5.2.2) lib/action_dispatch/middleware/executor.rb:14:in `call'
actionpack (5.2.2) lib/action_dispatch/middleware/static.rb:127:in `call'
rack (2.0.6) lib/rack/sendfile.rb:111:in `call'
railties (5.2.2) lib/rails/engine.rb:524:in `call'
puma (3.12.0) lib/puma/configuration.rb:225:in `call'
puma (3.12.0) lib/puma/server.rb:658:in `handle_request'
puma (3.12.0) lib/puma/server.rb:472:in `process_client'
puma (3.12.0) lib/puma/server.rb:332:in `block in run'
puma (3.12.0) lib/puma/thread_pool.rb:133:in `block in spawn_thread'
Started GET "/cars" for 127.0.0.1 at 2019-02-06 13:25:05 +0000
Processing by CarsController#index as HTML
  Rendering cars/index.html.erb within layouts/application
  [1m[36mCar Load (0.2ms)[0m  [1m[34mSELECT "cars".* FROM "cars"[0m
  ↳ app/views/cars/index.html.erb:3
  [1m[36mOwner Load (0.2ms)[0m  [1m[34mSELECT  "owners".* FROM "owners" WHERE "owners"."id" = ? LIMIT ?[0m  [["id", 1], ["LIMIT", 1]]
  ↳ app/views/cars/index.html.erb:5
  [1m[36mBrand Load (0.1ms)[0m  [1m[34mSELECT  "brands".* FROM "brands" WHERE "brands"."id" = ? LIMIT ?[0m  [["id", 1], ["LIMIT", 1]]
  ↳ app/views/cars/index.html.erb:5
  Rendered cars/index.html.erb within layouts/application (5.8ms)
Completed 200 OK in 82ms (Views: 76.9ms | ActiveRecord: 0.5ms)


Started GET "/cars/1" for 127.0.0.1 at 2019-02-06 13:25:06 +0000
  
AbstractController::ActionNotFound (The action 'show' could not be found for CarsController):
  
actionpack (5.2.2) lib/abstract_controller/base.rb:129:in `process'
actionview (5.2.2) lib/action_view/rendering.rb:32:in `process'
actionpack (5.2.2) lib/action_controller/metal.rb:191:in `dispatch'
actionpack (5.2.2) lib/action_controller/metal.rb:252:in `dispatch'
actionpack (5.2.2) lib/action_dispatch/routing/route_set.rb:52:in `dispatch'
actionpack (5.2.2) lib/action_dispatch/routing/route_set.rb:34:in `serve'
actionpack (5.2.2) lib/action_dispatch/journey/router.rb:52:in `block in serve'
actionpack (5.2.2) lib/action_dispatch/journey/router.rb:35:in `each'
actionpack (5.2.2) lib/action_dispatch/journey/router.rb:35:in `serve'
actionpack (5.2.2) lib/action_dispatch/routing/route_set.rb:840:in `call'
rack (2.0.6) lib/rack/tempfile_reaper.rb:15:in `call'
rack (2.0.6) lib/rack/etag.rb:25:in `call'
rack (2.0.6) lib/rack/conditional_get.rb:25:in `call'
rack (2.0.6) lib/rack/head.rb:12:in `call'
actionpack (5.2.2) lib/action_dispatch/http/content_security_policy.rb:18:in `call'
rack (2.0.6) lib/rack/session/abstract/id.rb:232:in `context'
rack (2.0.6) lib/rack/session/abstract/id.rb:226:in `call'
actionpack (5.2.2) lib/action_dispatch/middleware/cookies.rb:670:in `call'
activerecord (5.2.2) lib/active_record/migration.rb:559:in `call'
actionpack (5.2.2) lib/action_dispatch/middleware/callbacks.rb:28:in `block in call'
activesupport (5.2.2) lib/active_support/callbacks.rb:98:in `run_callbacks'
actionpack (5.2.2) lib/action_dispatch/middleware/callbacks.rb:26:in `call'
actionpack (5.2.2) lib/action_dispatch/middleware/executor.rb:14:in `call'
actionpack (5.2.2) lib/action_dispatch/middleware/debug_exceptions.rb:61:in `call'
web-console (3.7.0) lib/web_console/middleware.rb:135:in `call_app'
web-console (3.7.0) lib/web_console/middleware.rb:30:in `block in call'
web-console (3.7.0) lib/web_console/middleware.rb:20:in `catch'
web-console (3.7.0) lib/web_console/middleware.rb:20:in `call'
actionpack (5.2.2) lib/action_dispatch/middleware/show_exceptions.rb:33:in `call'
railties (5.2.2) lib/rails/rack/logger.rb:38:in `call_app'
railties (5.2.2) lib/rails/rack/logger.rb:26:in `block in call'
activesupport (5.2.2) lib/active_support/tagged_logging.rb:71:in `block in tagged'
activesupport (5.2.2) lib/active_support/tagged_logging.rb:28:in `tagged'
activesupport (5.2.2) lib/active_support/tagged_logging.rb:71:in `tagged'
railties (5.2.2) lib/rails/rack/logger.rb:26:in `call'
sprockets-rails (3.2.1) lib/sprockets/rails/quiet_assets.rb:13:in `call'
actionpack (5.2.2) lib/action_dispatch/middleware/remote_ip.rb:81:in `call'
actionpack (5.2.2) lib/action_dispatch/middleware/request_id.rb:27:in `call'
rack (2.0.6) lib/rack/method_override.rb:22:in `call'
rack (2.0.6) lib/rack/runtime.rb:22:in `call'
activesupport (5.2.2) lib/active_support/cache/strategy/local_cache_middleware.rb:29:in `call'
actionpack (5.2.2) lib/action_dispatch/middleware/executor.rb:14:in `call'
actionpack (5.2.2) lib/action_dispatch/middleware/static.rb:127:in `call'
rack (2.0.6) lib/rack/sendfile.rb:111:in `call'
railties (5.2.2) lib/rails/engine.rb:524:in `call'
puma (3.12.0) lib/puma/configuration.rb:225:in `call'
puma (3.12.0) lib/puma/server.rb:658:in `handle_request'
puma (3.12.0) lib/puma/server.rb:472:in `process_client'
puma (3.12.0) lib/puma/server.rb:332:in `block in run'
puma (3.12.0) lib/puma/thread_pool.rb:133:in `block in spawn_thread'
Started GET "/cars/1" for 127.0.0.1 at 2019-02-06 13:26:32 +0000
Processing by CarsController#show as HTML
  Parameters: {"id"=>"1"}
  [1m[36mCar Load (0.1ms)[0m  [1m[34mSELECT  "cars".* FROM "cars" WHERE "cars"."id" = ? LIMIT ?[0m  [["id", 1], ["LIMIT", 1]]
  ↳ app/controllers/cars_controller.rb:16
Completed 406 Not Acceptable in 117ms (ActiveRecord: 0.7ms)


  
ActionController::UnknownFormat (CarsController#show is missing a template for this request format and variant.

request.formats: ["text/html"]
request.variant: []

NOTE! For XHR/Ajax or API requests, this action would normally respond with 204 No Content: an empty white screen. Since you're loading it in a web browser, we assume that you expected to actually render a template, not nothing, so we're showing an error to be extra-clear. If you expect 204 No Content, carry on. That's what you'll get from an XHR or API request. Give it a shot.):
  
actionpack (5.2.2) lib/action_controller/metal/implicit_render.rb:55:in `default_render'
actionpack (5.2.2) lib/action_controller/metal/basic_implicit_render.rb:6:in `block in send_action'
actionpack (5.2.2) lib/action_controller/metal/basic_implicit_render.rb:6:in `tap'
actionpack (5.2.2) lib/action_controller/metal/basic_implicit_render.rb:6:in `send_action'
actionpack (5.2.2) lib/abstract_controller/base.rb:194:in `process_action'
actionpack (5.2.2) lib/action_controller/metal/rendering.rb:30:in `process_action'
actionpack (5.2.2) lib/abstract_controller/callbacks.rb:42:in `block in process_action'
activesupport (5.2.2) lib/active_support/callbacks.rb:132:in `run_callbacks'
actionpack (5.2.2) lib/abstract_controller/callbacks.rb:41:in `process_action'
actionpack (5.2.2) lib/action_controller/metal/rescue.rb:22:in `process_action'
actionpack (5.2.2) lib/action_controller/metal/instrumentation.rb:34:in `block in process_action'
activesupport (5.2.2) lib/active_support/notifications.rb:168:in `block in instrument'
activesupport (5.2.2) lib/active_support/notifications/instrumenter.rb:23:in `instrument'
activesupport (5.2.2) lib/active_support/notifications.rb:168:in `instrument'
actionpack (5.2.2) lib/action_controller/metal/instrumentation.rb:32:in `process_action'
actionpack (5.2.2) lib/action_controller/metal/params_wrapper.rb:256:in `process_action'
activerecord (5.2.2) lib/active_record/railties/controller_runtime.rb:24:in `process_action'
actionpack (5.2.2) lib/abstract_controller/base.rb:134:in `process'
actionview (5.2.2) lib/action_view/rendering.rb:32:in `process'
actionpack (5.2.2) lib/action_controller/metal.rb:191:in `dispatch'
actionpack (5.2.2) lib/action_controller/metal.rb:252:in `dispatch'
actionpack (5.2.2) lib/action_dispatch/routing/route_set.rb:52:in `dispatch'
actionpack (5.2.2) lib/action_dispatch/routing/route_set.rb:34:in `serve'
actionpack (5.2.2) lib/action_dispatch/journey/router.rb:52:in `block in serve'
actionpack (5.2.2) lib/action_dispatch/journey/router.rb:35:in `each'
actionpack (5.2.2) lib/action_dispatch/journey/router.rb:35:in `serve'
actionpack (5.2.2) lib/action_dispatch/routing/route_set.rb:840:in `call'
rack (2.0.6) lib/rack/tempfile_reaper.rb:15:in `call'
rack (2.0.6) lib/rack/etag.rb:25:in `call'
rack (2.0.6) lib/rack/conditional_get.rb:25:in `call'
rack (2.0.6) lib/rack/head.rb:12:in `call'
actionpack (5.2.2) lib/action_dispatch/http/content_security_policy.rb:18:in `call'
rack (2.0.6) lib/rack/session/abstract/id.rb:232:in `context'
rack (2.0.6) lib/rack/session/abstract/id.rb:226:in `call'
actionpack (5.2.2) lib/action_dispatch/middleware/cookies.rb:670:in `call'
activerecord (5.2.2) lib/active_record/migration.rb:559:in `call'
actionpack (5.2.2) lib/action_dispatch/middleware/callbacks.rb:28:in `block in call'
activesupport (5.2.2) lib/active_support/callbacks.rb:98:in `run_callbacks'
actionpack (5.2.2) lib/action_dispatch/middleware/callbacks.rb:26:in `call'
actionpack (5.2.2) lib/action_dispatch/middleware/executor.rb:14:in `call'
actionpack (5.2.2) lib/action_dispatch/middleware/debug_exceptions.rb:61:in `call'
web-console (3.7.0) lib/web_console/middleware.rb:135:in `call_app'
web-console (3.7.0) lib/web_console/middleware.rb:30:in `block in call'
web-console (3.7.0) lib/web_console/middleware.rb:20:in `catch'
web-console (3.7.0) lib/web_console/middleware.rb:20:in `call'
actionpack (5.2.2) lib/action_dispatch/middleware/show_exceptions.rb:33:in `call'
railties (5.2.2) lib/rails/rack/logger.rb:38:in `call_app'
railties (5.2.2) lib/rails/rack/logger.rb:26:in `block in call'
activesupport (5.2.2) lib/active_support/tagged_logging.rb:71:in `block in tagged'
activesupport (5.2.2) lib/active_support/tagged_logging.rb:28:in `tagged'
activesupport (5.2.2) lib/active_support/tagged_logging.rb:71:in `tagged'
railties (5.2.2) lib/rails/rack/logger.rb:26:in `call'
sprockets-rails (3.2.1) lib/sprockets/rails/quiet_assets.rb:13:in `call'
actionpack (5.2.2) lib/action_dispatch/middleware/remote_ip.rb:81:in `call'
actionpack (5.2.2) lib/action_dispatch/middleware/request_id.rb:27:in `call'
rack (2.0.6) lib/rack/method_override.rb:22:in `call'
rack (2.0.6) lib/rack/runtime.rb:22:in `call'
activesupport (5.2.2) lib/active_support/cache/strategy/local_cache_middleware.rb:29:in `call'
actionpack (5.2.2) lib/action_dispatch/middleware/executor.rb:14:in `call'
actionpack (5.2.2) lib/action_dispatch/middleware/static.rb:127:in `call'
rack (2.0.6) lib/rack/sendfile.rb:111:in `call'
railties (5.2.2) lib/rails/engine.rb:524:in `call'
puma (3.12.0) lib/puma/configuration.rb:225:in `call'
puma (3.12.0) lib/puma/server.rb:658:in `handle_request'
puma (3.12.0) lib/puma/server.rb:472:in `process_client'
puma (3.12.0) lib/puma/server.rb:332:in `block in run'
puma (3.12.0) lib/puma/thread_pool.rb:133:in `block in spawn_thread'
Started GET "/cars/1" for 127.0.0.1 at 2019-02-06 13:27:46 +0000
Processing by CarsController#show as HTML
  Parameters: {"id"=>"1"}
  [1m[36mCar Load (0.1ms)[0m  [1m[34mSELECT  "cars".* FROM "cars" WHERE "cars"."id" = ? LIMIT ?[0m  [["id", 1], ["LIMIT", 1]]
  ↳ app/controllers/cars_controller.rb:16
  Rendering cars/show.html.erb within layouts/application
  [1m[36mOwner Load (0.3ms)[0m  [1m[34mSELECT  "owners".* FROM "owners" WHERE "owners"."id" = ? LIMIT ?[0m  [["id", 1], ["LIMIT", 1]]
  ↳ app/views/cars/show.html.erb:1
  [1m[36mBrand Load (0.1ms)[0m  [1m[34mSELECT  "brands".* FROM "brands" WHERE "brands"."id" = ? LIMIT ?[0m  [["id", 1], ["LIMIT", 1]]
  ↳ app/views/cars/show.html.erb:1
  Rendered cars/show.html.erb within layouts/application (24.7ms)
Completed 200 OK in 50ms (Views: 44.3ms | ActiveRecord: 1.7ms)


Started GET "/cars/new" for 127.0.0.1 at 2019-02-06 13:27:51 +0000
  
AbstractController::ActionNotFound (The action 'new' could not be found for CarsController):
  
actionpack (5.2.2) lib/abstract_controller/base.rb:129:in `process'
actionview (5.2.2) lib/action_view/rendering.rb:32:in `process'
actionpack (5.2.2) lib/action_controller/metal.rb:191:in `dispatch'
actionpack (5.2.2) lib/action_controller/metal.rb:252:in `dispatch'
actionpack (5.2.2) lib/action_dispatch/routing/route_set.rb:52:in `dispatch'
actionpack (5.2.2) lib/action_dispatch/routing/route_set.rb:34:in `serve'
actionpack (5.2.2) lib/action_dispatch/journey/router.rb:52:in `block in serve'
actionpack (5.2.2) lib/action_dispatch/journey/router.rb:35:in `each'
actionpack (5.2.2) lib/action_dispatch/journey/router.rb:35:in `serve'
actionpack (5.2.2) lib/action_dispatch/routing/route_set.rb:840:in `call'
rack (2.0.6) lib/rack/tempfile_reaper.rb:15:in `call'
rack (2.0.6) lib/rack/etag.rb:25:in `call'
rack (2.0.6) lib/rack/conditional_get.rb:25:in `call'
rack (2.0.6) lib/rack/head.rb:12:in `call'
actionpack (5.2.2) lib/action_dispatch/http/content_security_policy.rb:18:in `call'
rack (2.0.6) lib/rack/session/abstract/id.rb:232:in `context'
rack (2.0.6) lib/rack/session/abstract/id.rb:226:in `call'
actionpack (5.2.2) lib/action_dispatch/middleware/cookies.rb:670:in `call'
activerecord (5.2.2) lib/active_record/migration.rb:559:in `call'
actionpack (5.2.2) lib/action_dispatch/middleware/callbacks.rb:28:in `block in call'
activesupport (5.2.2) lib/active_support/callbacks.rb:98:in `run_callbacks'
actionpack (5.2.2) lib/action_dispatch/middleware/callbacks.rb:26:in `call'
actionpack (5.2.2) lib/action_dispatch/middleware/executor.rb:14:in `call'
actionpack (5.2.2) lib/action_dispatch/middleware/debug_exceptions.rb:61:in `call'
web-console (3.7.0) lib/web_console/middleware.rb:135:in `call_app'
web-console (3.7.0) lib/web_console/middleware.rb:30:in `block in call'
web-console (3.7.0) lib/web_console/middleware.rb:20:in `catch'
web-console (3.7.0) lib/web_console/middleware.rb:20:in `call'
actionpack (5.2.2) lib/action_dispatch/middleware/show_exceptions.rb:33:in `call'
railties (5.2.2) lib/rails/rack/logger.rb:38:in `call_app'
railties (5.2.2) lib/rails/rack/logger.rb:26:in `block in call'
activesupport (5.2.2) lib/active_support/tagged_logging.rb:71:in `block in tagged'
activesupport (5.2.2) lib/active_support/tagged_logging.rb:28:in `tagged'
activesupport (5.2.2) lib/active_support/tagged_logging.rb:71:in `tagged'
railties (5.2.2) lib/rails/rack/logger.rb:26:in `call'
sprockets-rails (3.2.1) lib/sprockets/rails/quiet_assets.rb:13:in `call'
actionpack (5.2.2) lib/action_dispatch/middleware/remote_ip.rb:81:in `call'
actionpack (5.2.2) lib/action_dispatch/middleware/request_id.rb:27:in `call'
rack (2.0.6) lib/rack/method_override.rb:22:in `call'
rack (2.0.6) lib/rack/runtime.rb:22:in `call'
activesupport (5.2.2) lib/active_support/cache/strategy/local_cache_middleware.rb:29:in `call'
actionpack (5.2.2) lib/action_dispatch/middleware/executor.rb:14:in `call'
actionpack (5.2.2) lib/action_dispatch/middleware/static.rb:127:in `call'
rack (2.0.6) lib/rack/sendfile.rb:111:in `call'
railties (5.2.2) lib/rails/engine.rb:524:in `call'
puma (3.12.0) lib/puma/configuration.rb:225:in `call'
puma (3.12.0) lib/puma/server.rb:658:in `handle_request'
puma (3.12.0) lib/puma/server.rb:472:in `process_client'
puma (3.12.0) lib/puma/server.rb:332:in `block in run'
puma (3.12.0) lib/puma/thread_pool.rb:133:in `block in spawn_thread'
Started GET "/cars/1" for 127.0.0.1 at 2019-02-06 13:27:54 +0000
Processing by CarsController#show as HTML
  Parameters: {"id"=>"1"}
  [1m[36mCar Load (0.2ms)[0m  [1m[34mSELECT  "cars".* FROM "cars" WHERE "cars"."id" = ? LIMIT ?[0m  [["id", 1], ["LIMIT", 1]]
  ↳ app/controllers/cars_controller.rb:16
  Rendering cars/show.html.erb within layouts/application
  [1m[36mOwner Load (0.2ms)[0m  [1m[34mSELECT  "owners".* FROM "owners" WHERE "owners"."id" = ? LIMIT ?[0m  [["id", 1], ["LIMIT", 1]]
  ↳ app/views/cars/show.html.erb:1
  [1m[36mBrand Load (0.2ms)[0m  [1m[34mSELECT  "brands".* FROM "brands" WHERE "brands"."id" = ? LIMIT ?[0m  [["id", 1], ["LIMIT", 1]]
  ↳ app/views/cars/show.html.erb:1
  Rendered cars/show.html.erb within layouts/application (4.2ms)
Completed 200 OK in 43ms (Views: 37.6ms | ActiveRecord: 0.5ms)


Started GET "/cars/new" for 127.0.0.1 at 2019-02-06 13:27:59 +0000
  
AbstractController::ActionNotFound (The action 'new' could not be found for CarsController):
  
actionpack (5.2.2) lib/abstract_controller/base.rb:129:in `process'
actionview (5.2.2) lib/action_view/rendering.rb:32:in `process'
actionpack (5.2.2) lib/action_controller/metal.rb:191:in `dispatch'
actionpack (5.2.2) lib/action_controller/metal.rb:252:in `dispatch'
actionpack (5.2.2) lib/action_dispatch/routing/route_set.rb:52:in `dispatch'
actionpack (5.2.2) lib/action_dispatch/routing/route_set.rb:34:in `serve'
actionpack (5.2.2) lib/action_dispatch/journey/router.rb:52:in `block in serve'
actionpack (5.2.2) lib/action_dispatch/journey/router.rb:35:in `each'
actionpack (5.2.2) lib/action_dispatch/journey/router.rb:35:in `serve'
actionpack (5.2.2) lib/action_dispatch/routing/route_set.rb:840:in `call'
rack (2.0.6) lib/rack/tempfile_reaper.rb:15:in `call'
rack (2.0.6) lib/rack/etag.rb:25:in `call'
rack (2.0.6) lib/rack/conditional_get.rb:25:in `call'
rack (2.0.6) lib/rack/head.rb:12:in `call'
actionpack (5.2.2) lib/action_dispatch/http/content_security_policy.rb:18:in `call'
rack (2.0.6) lib/rack/session/abstract/id.rb:232:in `context'
rack (2.0.6) lib/rack/session/abstract/id.rb:226:in `call'
actionpack (5.2.2) lib/action_dispatch/middleware/cookies.rb:670:in `call'
activerecord (5.2.2) lib/active_record/migration.rb:559:in `call'
actionpack (5.2.2) lib/action_dispatch/middleware/callbacks.rb:28:in `block in call'
activesupport (5.2.2) lib/active_support/callbacks.rb:98:in `run_callbacks'
actionpack (5.2.2) lib/action_dispatch/middleware/callbacks.rb:26:in `call'
actionpack (5.2.2) lib/action_dispatch/middleware/executor.rb:14:in `call'
actionpack (5.2.2) lib/action_dispatch/middleware/debug_exceptions.rb:61:in `call'
web-console (3.7.0) lib/web_console/middleware.rb:135:in `call_app'
web-console (3.7.0) lib/web_console/middleware.rb:30:in `block in call'
web-console (3.7.0) lib/web_console/middleware.rb:20:in `catch'
web-console (3.7.0) lib/web_console/middleware.rb:20:in `call'
actionpack (5.2.2) lib/action_dispatch/middleware/show_exceptions.rb:33:in `call'
railties (5.2.2) lib/rails/rack/logger.rb:38:in `call_app'
railties (5.2.2) lib/rails/rack/logger.rb:26:in `block in call'
activesupport (5.2.2) lib/active_support/tagged_logging.rb:71:in `block in tagged'
activesupport (5.2.2) lib/active_support/tagged_logging.rb:28:in `tagged'
activesupport (5.2.2) lib/active_support/tagged_logging.rb:71:in `tagged'
railties (5.2.2) lib/rails/rack/logger.rb:26:in `call'
sprockets-rails (3.2.1) lib/sprockets/rails/quiet_assets.rb:13:in `call'
actionpack (5.2.2) lib/action_dispatch/middleware/remote_ip.rb:81:in `call'
actionpack (5.2.2) lib/action_dispatch/middleware/request_id.rb:27:in `call'
rack (2.0.6) lib/rack/method_override.rb:22:in `call'
rack (2.0.6) lib/rack/runtime.rb:22:in `call'
activesupport (5.2.2) lib/active_support/cache/strategy/local_cache_middleware.rb:29:in `call'
actionpack (5.2.2) lib/action_dispatch/middleware/executor.rb:14:in `call'
actionpack (5.2.2) lib/action_dispatch/middleware/static.rb:127:in `call'
rack (2.0.6) lib/rack/sendfile.rb:111:in `call'
railties (5.2.2) lib/rails/engine.rb:524:in `call'
puma (3.12.0) lib/puma/configuration.rb:225:in `call'
puma (3.12.0) lib/puma/server.rb:658:in `handle_request'
puma (3.12.0) lib/puma/server.rb:472:in `process_client'
puma (3.12.0) lib/puma/server.rb:332:in `block in run'
puma (3.12.0) lib/puma/thread_pool.rb:133:in `block in spawn_thread'
Started GET "/cars/new" for 127.0.0.1 at 2019-02-06 13:32:42 +0000
Processing by CarsController#new as HTML
Completed 404 Not Found in 4ms (ActiveRecord: 0.4ms)


  
ActiveRecord::RecordNotFound (Couldn't find Car without an ID):
  
app/controllers/cars_controller.rb:20:in `find_car'
Started GET "/cars/new" for 127.0.0.1 at 2019-02-06 13:34:15 +0000
Processing by CarsController#new as HTML
Completed 404 Not Found in 5ms (ActiveRecord: 0.8ms)


  
ActiveRecord::RecordNotFound (Couldn't find Car without an ID):
  
app/controllers/cars_controller.rb:20:in `find_car'
Started GET "/cars/new" for 127.0.0.1 at 2019-02-06 13:34:28 +0000
Processing by CarsController#new as HTML
  Rendering cars/new.html.erb within layouts/application
  [1m[36mOwner Load (0.6ms)[0m  [1m[34mSELECT "owners".* FROM "owners"[0m
  ↳ app/views/cars/new.html.erb:3
  Rendered cars/new.html.erb within layouts/application (22.0ms)
Completed 200 OK in 68ms (Views: 53.8ms | ActiveRecord: 2.1ms)


Started GET "/cars/new" for 127.0.0.1 at 2019-02-06 13:34:55 +0000
Processing by CarsController#new as HTML
  Rendering cars/new.html.erb within layouts/application
  [1m[36mOwner Load (0.2ms)[0m  [1m[34mSELECT "owners".* FROM "owners"[0m
  ↳ app/views/cars/new.html.erb:3
  Rendered cars/new.html.erb within layouts/application (10.2ms)
Completed 200 OK in 41ms (Views: 30.4ms | ActiveRecord: 1.8ms)


Started GET "/cars/new" for 127.0.0.1 at 2019-02-06 13:35:32 +0000
Processing by CarsController#new as HTML
  Rendering cars/new.html.erb within layouts/application
  [1m[36mOwner Load (0.1ms)[0m  [1m[34mSELECT "owners".* FROM "owners"[0m
  ↳ app/views/cars/new.html.erb:4
  [1m[36mCACHE Owner Load (0.0ms)[0m  [1m[34mSELECT "owners".* FROM "owners"[0m
  ↳ app/views/cars/new.html.erb:6
  Rendered cars/new.html.erb within layouts/application (26.8ms)
Completed 200 OK in 50ms (Views: 46.6ms | ActiveRecord: 0.1ms)


Started GET "/cars/new" for 127.0.0.1 at 2019-02-06 13:35:43 +0000
Processing by CarsController#new as HTML
  Rendering cars/new.html.erb within layouts/application
  [1m[36mOwner Load (0.1ms)[0m  [1m[34mSELECT "owners".* FROM "owners"[0m
  ↳ app/views/cars/new.html.erb:4
  [1m[36mMechanic Load (0.1ms)[0m  [1m[34mSELECT "mechanics".* FROM "mechanics"[0m
  ↳ app/views/cars/new.html.erb:6
  Rendered cars/new.html.erb within layouts/application (9.3ms)
Completed 200 OK in 36ms (Views: 32.5ms | ActiveRecord: 0.7ms)


Started GET "/cars/new" for 127.0.0.1 at 2019-02-06 13:39:01 +0000
Processing by CarsController#new as HTML
  Rendering cars/new.html.erb within layouts/application
  [1m[36mOwner Load (0.2ms)[0m  [1m[34mSELECT "owners".* FROM "owners"[0m
  ↳ app/views/cars/new.html.erb:4
  [1m[36mMechanic Load (0.1ms)[0m  [1m[34mSELECT "mechanics".* FROM "mechanics"[0m
  ↳ app/views/cars/new.html.erb:6
  [1m[36mBrand Load (0.1ms)[0m  [1m[34mSELECT "brands".* FROM "brands"[0m
  ↳ app/views/cars/new.html.erb:11
  Rendered cars/new.html.erb within layouts/application (27.4ms)
Completed 200 OK in 60ms (Views: 54.7ms | ActiveRecord: 1.3ms)


Started POST "/cars" for 127.0.0.1 at 2019-02-06 13:39:10 +0000
  
AbstractController::ActionNotFound (The action 'create' could not be found for CarsController):
  
actionpack (5.2.2) lib/abstract_controller/base.rb:129:in `process'
actionview (5.2.2) lib/action_view/rendering.rb:32:in `process'
actionpack (5.2.2) lib/action_controller/metal.rb:191:in `dispatch'
actionpack (5.2.2) lib/action_controller/metal.rb:252:in `dispatch'
actionpack (5.2.2) lib/action_dispatch/routing/route_set.rb:52:in `dispatch'
actionpack (5.2.2) lib/action_dispatch/routing/route_set.rb:34:in `serve'
actionpack (5.2.2) lib/action_dispatch/journey/router.rb:52:in `block in serve'
actionpack (5.2.2) lib/action_dispatch/journey/router.rb:35:in `each'
actionpack (5.2.2) lib/action_dispatch/journey/router.rb:35:in `serve'
actionpack (5.2.2) lib/action_dispatch/routing/route_set.rb:840:in `call'
rack (2.0.6) lib/rack/tempfile_reaper.rb:15:in `call'
rack (2.0.6) lib/rack/etag.rb:25:in `call'
rack (2.0.6) lib/rack/conditional_get.rb:38:in `call'
rack (2.0.6) lib/rack/head.rb:12:in `call'
actionpack (5.2.2) lib/action_dispatch/http/content_security_policy.rb:18:in `call'
rack (2.0.6) lib/rack/session/abstract/id.rb:232:in `context'
rack (2.0.6) lib/rack/session/abstract/id.rb:226:in `call'
actionpack (5.2.2) lib/action_dispatch/middleware/cookies.rb:670:in `call'
activerecord (5.2.2) lib/active_record/migration.rb:559:in `call'
actionpack (5.2.2) lib/action_dispatch/middleware/callbacks.rb:28:in `block in call'
activesupport (5.2.2) lib/active_support/callbacks.rb:98:in `run_callbacks'
actionpack (5.2.2) lib/action_dispatch/middleware/callbacks.rb:26:in `call'
actionpack (5.2.2) lib/action_dispatch/middleware/executor.rb:14:in `call'
actionpack (5.2.2) lib/action_dispatch/middleware/debug_exceptions.rb:61:in `call'
web-console (3.7.0) lib/web_console/middleware.rb:135:in `call_app'
web-console (3.7.0) lib/web_console/middleware.rb:30:in `block in call'
web-console (3.7.0) lib/web_console/middleware.rb:20:in `catch'
web-console (3.7.0) lib/web_console/middleware.rb:20:in `call'
actionpack (5.2.2) lib/action_dispatch/middleware/show_exceptions.rb:33:in `call'
railties (5.2.2) lib/rails/rack/logger.rb:38:in `call_app'
railties (5.2.2) lib/rails/rack/logger.rb:26:in `block in call'
activesupport (5.2.2) lib/active_support/tagged_logging.rb:71:in `block in tagged'
activesupport (5.2.2) lib/active_support/tagged_logging.rb:28:in `tagged'
activesupport (5.2.2) lib/active_support/tagged_logging.rb:71:in `tagged'
railties (5.2.2) lib/rails/rack/logger.rb:26:in `call'
sprockets-rails (3.2.1) lib/sprockets/rails/quiet_assets.rb:13:in `call'
actionpack (5.2.2) lib/action_dispatch/middleware/remote_ip.rb:81:in `call'
actionpack (5.2.2) lib/action_dispatch/middleware/request_id.rb:27:in `call'
rack (2.0.6) lib/rack/method_override.rb:22:in `call'
rack (2.0.6) lib/rack/runtime.rb:22:in `call'
activesupport (5.2.2) lib/active_support/cache/strategy/local_cache_middleware.rb:29:in `call'
actionpack (5.2.2) lib/action_dispatch/middleware/executor.rb:14:in `call'
actionpack (5.2.2) lib/action_dispatch/middleware/static.rb:127:in `call'
rack (2.0.6) lib/rack/sendfile.rb:111:in `call'
railties (5.2.2) lib/rails/engine.rb:524:in `call'
puma (3.12.0) lib/puma/configuration.rb:225:in `call'
puma (3.12.0) lib/puma/server.rb:658:in `handle_request'
puma (3.12.0) lib/puma/server.rb:472:in `process_client'
puma (3.12.0) lib/puma/server.rb:332:in `block in run'
puma (3.12.0) lib/puma/thread_pool.rb:133:in `block in spawn_thread'
Started GET "/cars/new" for 127.0.0.1 at 2019-02-06 13:39:21 +0000
Processing by CarsController#new as HTML
  Rendering cars/new.html.erb within layouts/application
  [1m[36mOwner Load (0.2ms)[0m  [1m[34mSELECT "owners".* FROM "owners"[0m
  ↳ app/views/cars/new.html.erb:4
  [1m[36mMechanic Load (0.2ms)[0m  [1m[34mSELECT "mechanics".* FROM "mechanics"[0m
  ↳ app/views/cars/new.html.erb:6
  [1m[36mBrand Load (0.1ms)[0m  [1m[34mSELECT "brands".* FROM "brands"[0m
  ↳ app/views/cars/new.html.erb:11
  Rendered cars/new.html.erb within layouts/application (6.8ms)
Completed 200 OK in 34ms (Views: 29.3ms | ActiveRecord: 0.5ms)


Started POST "/cars" for 127.0.0.1 at 2019-02-06 13:40:07 +0000
  
AbstractController::ActionNotFound (The action 'create' could not be found for CarsController):
  
actionpack (5.2.2) lib/abstract_controller/base.rb:129:in `process'
actionview (5.2.2) lib/action_view/rendering.rb:32:in `process'
actionpack (5.2.2) lib/action_controller/metal.rb:191:in `dispatch'
actionpack (5.2.2) lib/action_controller/metal.rb:252:in `dispatch'
actionpack (5.2.2) lib/action_dispatch/routing/route_set.rb:52:in `dispatch'
actionpack (5.2.2) lib/action_dispatch/routing/route_set.rb:34:in `serve'
actionpack (5.2.2) lib/action_dispatch/journey/router.rb:52:in `block in serve'
actionpack (5.2.2) lib/action_dispatch/journey/router.rb:35:in `each'
actionpack (5.2.2) lib/action_dispatch/journey/router.rb:35:in `serve'
actionpack (5.2.2) lib/action_dispatch/routing/route_set.rb:840:in `call'
rack (2.0.6) lib/rack/tempfile_reaper.rb:15:in `call'
rack (2.0.6) lib/rack/etag.rb:25:in `call'
rack (2.0.6) lib/rack/conditional_get.rb:38:in `call'
rack (2.0.6) lib/rack/head.rb:12:in `call'
actionpack (5.2.2) lib/action_dispatch/http/content_security_policy.rb:18:in `call'
rack (2.0.6) lib/rack/session/abstract/id.rb:232:in `context'
rack (2.0.6) lib/rack/session/abstract/id.rb:226:in `call'
actionpack (5.2.2) lib/action_dispatch/middleware/cookies.rb:670:in `call'
activerecord (5.2.2) lib/active_record/migration.rb:559:in `call'
actionpack (5.2.2) lib/action_dispatch/middleware/callbacks.rb:28:in `block in call'
activesupport (5.2.2) lib/active_support/callbacks.rb:98:in `run_callbacks'
actionpack (5.2.2) lib/action_dispatch/middleware/callbacks.rb:26:in `call'
actionpack (5.2.2) lib/action_dispatch/middleware/executor.rb:14:in `call'
actionpack (5.2.2) lib/action_dispatch/middleware/debug_exceptions.rb:61:in `call'
web-console (3.7.0) lib/web_console/middleware.rb:135:in `call_app'
web-console (3.7.0) lib/web_console/middleware.rb:30:in `block in call'
web-console (3.7.0) lib/web_console/middleware.rb:20:in `catch'
web-console (3.7.0) lib/web_console/middleware.rb:20:in `call'
actionpack (5.2.2) lib/action_dispatch/middleware/show_exceptions.rb:33:in `call'
railties (5.2.2) lib/rails/rack/logger.rb:38:in `call_app'
railties (5.2.2) lib/rails/rack/logger.rb:26:in `block in call'
activesupport (5.2.2) lib/active_support/tagged_logging.rb:71:in `block in tagged'
activesupport (5.2.2) lib/active_support/tagged_logging.rb:28:in `tagged'
activesupport (5.2.2) lib/active_support/tagged_logging.rb:71:in `tagged'
railties (5.2.2) lib/rails/rack/logger.rb:26:in `call'
sprockets-rails (3.2.1) lib/sprockets/rails/quiet_assets.rb:13:in `call'
actionpack (5.2.2) lib/action_dispatch/middleware/remote_ip.rb:81:in `call'
actionpack (5.2.2) lib/action_dispatch/middleware/request_id.rb:27:in `call'
rack (2.0.6) lib/rack/method_override.rb:22:in `call'
rack (2.0.6) lib/rack/runtime.rb:22:in `call'
activesupport (5.2.2) lib/active_support/cache/strategy/local_cache_middleware.rb:29:in `call'
actionpack (5.2.2) lib/action_dispatch/middleware/executor.rb:14:in `call'
actionpack (5.2.2) lib/action_dispatch/middleware/static.rb:127:in `call'
rack (2.0.6) lib/rack/sendfile.rb:111:in `call'
railties (5.2.2) lib/rails/engine.rb:524:in `call'
puma (3.12.0) lib/puma/configuration.rb:225:in `call'
puma (3.12.0) lib/puma/server.rb:658:in `handle_request'
puma (3.12.0) lib/puma/server.rb:472:in `process_client'
puma (3.12.0) lib/puma/server.rb:332:in `block in run'
puma (3.12.0) lib/puma/thread_pool.rb:133:in `block in spawn_thread'
Started POST "/cars" for 127.0.0.1 at 2019-02-06 13:43:37 +0000
Processing by CarsController#create as HTML
  Parameters: {"utf8"=>"✓", "authenticity_token"=>"Y2Yx1Fx0b09BdshVnrbys1Gj+OWDEMSAdgWWd2csCIy+zulBNWpoeISSmeGzE/RvLyuyyp1PoGOr3psXRgBqpA==", "car"=>{"owner_id"=>"1", "mechanic_id"=>"1"}, "brand_name"=>"audi", "commit"=>"Create Car"}
  [1m[35m (0.0ms)[0m  [1m[36mbegin transaction[0m
  ↳ app/controllers/cars_controller.rb:18
  [1m[36mOwner Load (0.1ms)[0m  [1m[34mSELECT  "owners".* FROM "owners" WHERE "owners"."id" = ? LIMIT ?[0m  [["id", 1], ["LIMIT", 1]]
  ↳ app/controllers/cars_controller.rb:18
  [1m[36mMechanic Load (0.1ms)[0m  [1m[34mSELECT  "mechanics".* FROM "mechanics" WHERE "mechanics"."id" = ? LIMIT ?[0m  [["id", 1], ["LIMIT", 1]]
  ↳ app/controllers/cars_controller.rb:18
  [1m[35m (0.0ms)[0m  [1m[31mrollback transaction[0m
  ↳ app/controllers/cars_controller.rb:18
  [1m[36mBrand Load (0.2ms)[0m  [1m[34mSELECT  "brands".* FROM "brands" WHERE "brands"."name" = ? LIMIT ?[0m  [["name", "audi"], ["LIMIT", 1]]
  ↳ app/controllers/cars_controller.rb:19
  [1m[35m (0.0ms)[0m  [1m[36mbegin transaction[0m
  ↳ app/controllers/cars_controller.rb:19
  [1m[36mBrand Create (0.4ms)[0m  [1m[32mINSERT INTO "brands" ("name", "created_at", "updated_at") VALUES (?, ?, ?)[0m  [["name", "audi"], ["created_at", "2019-02-06 13:43:37.076580"], ["updated_at", "2019-02-06 13:43:37.076580"]]
  ↳ app/controllers/cars_controller.rb:19
  [1m[35m (1.2ms)[0m  [1m[36mcommit transaction[0m
  ↳ app/controllers/cars_controller.rb:19
  [1m[35m (0.1ms)[0m  [1m[36mbegin transaction[0m
  ↳ app/controllers/cars_controller.rb:20
  [1m[36mCar Create (0.5ms)[0m  [1m[32mINSERT INTO "cars" ("brand_id", "owner_id", "mechanic_id", "created_at", "updated_at") VALUES (?, ?, ?, ?, ?)[0m  [["brand_id", 2], ["owner_id", 1], ["mechanic_id", 1], ["created_at", "2019-02-06 13:43:37.080385"], ["updated_at", "2019-02-06 13:43:37.080385"]]
  ↳ app/controllers/cars_controller.rb:20
  [1m[35m (1.0ms)[0m  [1m[36mcommit transaction[0m
  ↳ app/controllers/cars_controller.rb:20
Redirected to http://localhost:3000/cars/2
Completed 302 Found in 40ms (ActiveRecord: 5.2ms)


Started GET "/cars/2" for 127.0.0.1 at 2019-02-06 13:43:37 +0000
Processing by CarsController#show as HTML
  Parameters: {"id"=>"2"}
  [1m[36mCar Load (0.3ms)[0m  [1m[34mSELECT  "cars".* FROM "cars" WHERE "cars"."id" = ? LIMIT ?[0m  [["id", 2], ["LIMIT", 1]]
  ↳ app/controllers/cars_controller.rb:27
  Rendering cars/show.html.erb within layouts/application
  [1m[36mOwner Load (0.1ms)[0m  [1m[34mSELECT  "owners".* FROM "owners" WHERE "owners"."id" = ? LIMIT ?[0m  [["id", 1], ["LIMIT", 1]]
  ↳ app/views/cars/show.html.erb:1
  [1m[36mBrand Load (0.1ms)[0m  [1m[34mSELECT  "brands".* FROM "brands" WHERE "brands"."id" = ? LIMIT ?[0m  [["id", 2], ["LIMIT", 1]]
  ↳ app/views/cars/show.html.erb:1
  Rendered cars/show.html.erb within layouts/application (2.2ms)
Completed 200 OK in 28ms (Views: 23.0ms | ActiveRecord: 0.6ms)


Started GET "/cars/new" for 127.0.0.1 at 2019-02-06 13:43:40 +0000
Processing by CarsController#new as HTML
  Rendering cars/new.html.erb within layouts/application
  [1m[36mOwner Load (0.3ms)[0m  [1m[34mSELECT "owners".* FROM "owners"[0m
  ↳ app/views/cars/new.html.erb:4
  [1m[36mMechanic Load (0.2ms)[0m  [1m[34mSELECT "mechanics".* FROM "mechanics"[0m
  ↳ app/views/cars/new.html.erb:6
  [1m[36mBrand Load (0.2ms)[0m  [1m[34mSELECT "brands".* FROM "brands"[0m
  ↳ app/views/cars/new.html.erb:11
  Rendered cars/new.html.erb within layouts/application (8.1ms)
Completed 200 OK in 54ms (Views: 49.9ms | ActiveRecord: 0.6ms)


Started POST "/cars" for 127.0.0.1 at 2019-02-06 13:43:52 +0000
Processing by CarsController#create as HTML
  Parameters: {"utf8"=>"✓", "authenticity_token"=>"Rhp1Ww0pOt/505aZVLNOkYhLAUximUOAtH+96zMecfhPjkEjDya/92np3xaxPIzS3ipleXHSEHuwBWRSNr2s0g==", "car"=>{"owner_id"=>"1", "mechanic_id"=>"1"}, "brand_name"=>"VW", "commit"=>"Create Car"}
  [1m[35m (0.1ms)[0m  [1m[36mbegin transaction[0m
  ↳ app/controllers/cars_controller.rb:18
  [1m[36mOwner Load (0.1ms)[0m  [1m[34mSELECT  "owners".* FROM "owners" WHERE "owners"."id" = ? LIMIT ?[0m  [["id", 1], ["LIMIT", 1]]
  ↳ app/controllers/cars_controller.rb:18
  [1m[36mMechanic Load (0.1ms)[0m  [1m[34mSELECT  "mechanics".* FROM "mechanics" WHERE "mechanics"."id" = ? LIMIT ?[0m  [["id", 1], ["LIMIT", 1]]
  ↳ app/controllers/cars_controller.rb:18
  [1m[35m (0.1ms)[0m  [1m[31mrollback transaction[0m
  ↳ app/controllers/cars_controller.rb:18
  [1m[36mBrand Load (0.2ms)[0m  [1m[34mSELECT  "brands".* FROM "brands" WHERE "brands"."name" = ? LIMIT ?[0m  [["name", "VW"], ["LIMIT", 1]]
  ↳ app/controllers/cars_controller.rb:19
  [1m[35m (0.1ms)[0m  [1m[36mbegin transaction[0m
  ↳ app/controllers/cars_controller.rb:19
  [1m[36mBrand Create (0.5ms)[0m  [1m[32mINSERT INTO "brands" ("name", "created_at", "updated_at") VALUES (?, ?, ?)[0m  [["name", "VW"], ["created_at", "2019-02-06 13:43:52.765314"], ["updated_at", "2019-02-06 13:43:52.765314"]]
  ↳ app/controllers/cars_controller.rb:19
  [1m[35m (1.2ms)[0m  [1m[36mcommit transaction[0m
  ↳ app/controllers/cars_controller.rb:19
  [1m[35m (0.1ms)[0m  [1m[36mbegin transaction[0m
  ↳ app/controllers/cars_controller.rb:20
  [1m[36mCar Create (0.5ms)[0m  [1m[32mINSERT INTO "cars" ("brand_id", "owner_id", "mechanic_id", "created_at", "updated_at") VALUES (?, ?, ?, ?, ?)[0m  [["brand_id", 3], ["owner_id", 1], ["mechanic_id", 1], ["created_at", "2019-02-06 13:43:52.769638"], ["updated_at", "2019-02-06 13:43:52.769638"]]
  ↳ app/controllers/cars_controller.rb:20
  [1m[35m (1.1ms)[0m  [1m[36mcommit transaction[0m
  ↳ app/controllers/cars_controller.rb:20
Redirected to http://localhost:3000/cars/3
Completed 302 Found in 17ms (ActiveRecord: 4.1ms)


Started GET "/cars/3" for 127.0.0.1 at 2019-02-06 13:43:52 +0000
Processing by CarsController#show as HTML
  Parameters: {"id"=>"3"}
  [1m[36mCar Load (0.1ms)[0m  [1m[34mSELECT  "cars".* FROM "cars" WHERE "cars"."id" = ? LIMIT ?[0m  [["id", 3], ["LIMIT", 1]]
  ↳ app/controllers/cars_controller.rb:27
  Rendering cars/show.html.erb within layouts/application
  [1m[36mOwner Load (0.1ms)[0m  [1m[34mSELECT  "owners".* FROM "owners" WHERE "owners"."id" = ? LIMIT ?[0m  [["id", 1], ["LIMIT", 1]]
  ↳ app/views/cars/show.html.erb:1
  [1m[36mBrand Load (0.1ms)[0m  [1m[34mSELECT  "brands".* FROM "brands" WHERE "brands"."id" = ? LIMIT ?[0m  [["id", 3], ["LIMIT", 1]]
  ↳ app/views/cars/show.html.erb:1
  Rendered cars/show.html.erb within layouts/application (1.9ms)
Completed 200 OK in 27ms (Views: 23.1ms | ActiveRecord: 0.3ms)


Started GET "/owners/new" for 127.0.0.1 at 2019-02-06 13:44:01 +0000
  
AbstractController::ActionNotFound (The action 'new' could not be found for OwnersController):
  
actionpack (5.2.2) lib/abstract_controller/base.rb:129:in `process'
actionview (5.2.2) lib/action_view/rendering.rb:32:in `process'
actionpack (5.2.2) lib/action_controller/metal.rb:191:in `dispatch'
actionpack (5.2.2) lib/action_controller/metal.rb:252:in `dispatch'
actionpack (5.2.2) lib/action_dispatch/routing/route_set.rb:52:in `dispatch'
actionpack (5.2.2) lib/action_dispatch/routing/route_set.rb:34:in `serve'
actionpack (5.2.2) lib/action_dispatch/journey/router.rb:52:in `block in serve'
actionpack (5.2.2) lib/action_dispatch/journey/router.rb:35:in `each'
actionpack (5.2.2) lib/action_dispatch/journey/router.rb:35:in `serve'
actionpack (5.2.2) lib/action_dispatch/routing/route_set.rb:840:in `call'
rack (2.0.6) lib/rack/tempfile_reaper.rb:15:in `call'
rack (2.0.6) lib/rack/etag.rb:25:in `call'
rack (2.0.6) lib/rack/conditional_get.rb:25:in `call'
rack (2.0.6) lib/rack/head.rb:12:in `call'
actionpack (5.2.2) lib/action_dispatch/http/content_security_policy.rb:18:in `call'
rack (2.0.6) lib/rack/session/abstract/id.rb:232:in `context'
rack (2.0.6) lib/rack/session/abstract/id.rb:226:in `call'
actionpack (5.2.2) lib/action_dispatch/middleware/cookies.rb:670:in `call'
activerecord (5.2.2) lib/active_record/migration.rb:559:in `call'
actionpack (5.2.2) lib/action_dispatch/middleware/callbacks.rb:28:in `block in call'
activesupport (5.2.2) lib/active_support/callbacks.rb:98:in `run_callbacks'
actionpack (5.2.2) lib/action_dispatch/middleware/callbacks.rb:26:in `call'
actionpack (5.2.2) lib/action_dispatch/middleware/executor.rb:14:in `call'
actionpack (5.2.2) lib/action_dispatch/middleware/debug_exceptions.rb:61:in `call'
web-console (3.7.0) lib/web_console/middleware.rb:135:in `call_app'
web-console (3.7.0) lib/web_console/middleware.rb:30:in `block in call'
web-console (3.7.0) lib/web_console/middleware.rb:20:in `catch'
web-console (3.7.0) lib/web_console/middleware.rb:20:in `call'
actionpack (5.2.2) lib/action_dispatch/middleware/show_exceptions.rb:33:in `call'
railties (5.2.2) lib/rails/rack/logger.rb:38:in `call_app'
railties (5.2.2) lib/rails/rack/logger.rb:26:in `block in call'
activesupport (5.2.2) lib/active_support/tagged_logging.rb:71:in `block in tagged'
activesupport (5.2.2) lib/active_support/tagged_logging.rb:28:in `tagged'
activesupport (5.2.2) lib/active_support/tagged_logging.rb:71:in `tagged'
railties (5.2.2) lib/rails/rack/logger.rb:26:in `call'
sprockets-rails (3.2.1) lib/sprockets/rails/quiet_assets.rb:13:in `call'
actionpack (5.2.2) lib/action_dispatch/middleware/remote_ip.rb:81:in `call'
actionpack (5.2.2) lib/action_dispatch/middleware/request_id.rb:27:in `call'
rack (2.0.6) lib/rack/method_override.rb:22:in `call'
rack (2.0.6) lib/rack/runtime.rb:22:in `call'
activesupport (5.2.2) lib/active_support/cache/strategy/local_cache_middleware.rb:29:in `call'
actionpack (5.2.2) lib/action_dispatch/middleware/executor.rb:14:in `call'
actionpack (5.2.2) lib/action_dispatch/middleware/static.rb:127:in `call'
rack (2.0.6) lib/rack/sendfile.rb:111:in `call'
railties (5.2.2) lib/rails/engine.rb:524:in `call'
puma (3.12.0) lib/puma/configuration.rb:225:in `call'
puma (3.12.0) lib/puma/server.rb:658:in `handle_request'
puma (3.12.0) lib/puma/server.rb:472:in `process_client'
puma (3.12.0) lib/puma/server.rb:332:in `block in run'
puma (3.12.0) lib/puma/thread_pool.rb:133:in `block in spawn_thread'
Started GET "/owners/new" for 127.0.0.1 at 2019-02-06 13:45:07 +0000
Processing by OwnersController#new as HTML
Completed 406 Not Acceptable in 117ms (ActiveRecord: 0.4ms)


  
ActionController::UnknownFormat (OwnersController#new is missing a template for this request format and variant.

request.formats: ["text/html"]
request.variant: []

NOTE! For XHR/Ajax or API requests, this action would normally respond with 204 No Content: an empty white screen. Since you're loading it in a web browser, we assume that you expected to actually render a template, not nothing, so we're showing an error to be extra-clear. If you expect 204 No Content, carry on. That's what you'll get from an XHR or API request. Give it a shot.):
  
actionpack (5.2.2) lib/action_controller/metal/implicit_render.rb:55:in `default_render'
actionpack (5.2.2) lib/action_controller/metal/basic_implicit_render.rb:6:in `block in send_action'
actionpack (5.2.2) lib/action_controller/metal/basic_implicit_render.rb:6:in `tap'
actionpack (5.2.2) lib/action_controller/metal/basic_implicit_render.rb:6:in `send_action'
actionpack (5.2.2) lib/abstract_controller/base.rb:194:in `process_action'
actionpack (5.2.2) lib/action_controller/metal/rendering.rb:30:in `process_action'
actionpack (5.2.2) lib/abstract_controller/callbacks.rb:42:in `block in process_action'
activesupport (5.2.2) lib/active_support/callbacks.rb:132:in `run_callbacks'
actionpack (5.2.2) lib/abstract_controller/callbacks.rb:41:in `process_action'
actionpack (5.2.2) lib/action_controller/metal/rescue.rb:22:in `process_action'
actionpack (5.2.2) lib/action_controller/metal/instrumentation.rb:34:in `block in process_action'
activesupport (5.2.2) lib/active_support/notifications.rb:168:in `block in instrument'
activesupport (5.2.2) lib/active_support/notifications/instrumenter.rb:23:in `instrument'
activesupport (5.2.2) lib/active_support/notifications.rb:168:in `instrument'
actionpack (5.2.2) lib/action_controller/metal/instrumentation.rb:32:in `process_action'
actionpack (5.2.2) lib/action_controller/metal/params_wrapper.rb:256:in `process_action'
activerecord (5.2.2) lib/active_record/railties/controller_runtime.rb:24:in `process_action'
actionpack (5.2.2) lib/abstract_controller/base.rb:134:in `process'
actionview (5.2.2) lib/action_view/rendering.rb:32:in `process'
actionpack (5.2.2) lib/action_controller/metal.rb:191:in `dispatch'
actionpack (5.2.2) lib/action_controller/metal.rb:252:in `dispatch'
actionpack (5.2.2) lib/action_dispatch/routing/route_set.rb:52:in `dispatch'
actionpack (5.2.2) lib/action_dispatch/routing/route_set.rb:34:in `serve'
actionpack (5.2.2) lib/action_dispatch/journey/router.rb:52:in `block in serve'
actionpack (5.2.2) lib/action_dispatch/journey/router.rb:35:in `each'
actionpack (5.2.2) lib/action_dispatch/journey/router.rb:35:in `serve'
actionpack (5.2.2) lib/action_dispatch/routing/route_set.rb:840:in `call'
rack (2.0.6) lib/rack/tempfile_reaper.rb:15:in `call'
rack (2.0.6) lib/rack/etag.rb:25:in `call'
rack (2.0.6) lib/rack/conditional_get.rb:25:in `call'
rack (2.0.6) lib/rack/head.rb:12:in `call'
actionpack (5.2.2) lib/action_dispatch/http/content_security_policy.rb:18:in `call'
rack (2.0.6) lib/rack/session/abstract/id.rb:232:in `context'
rack (2.0.6) lib/rack/session/abstract/id.rb:226:in `call'
actionpack (5.2.2) lib/action_dispatch/middleware/cookies.rb:670:in `call'
activerecord (5.2.2) lib/active_record/migration.rb:559:in `call'
actionpack (5.2.2) lib/action_dispatch/middleware/callbacks.rb:28:in `block in call'
activesupport (5.2.2) lib/active_support/callbacks.rb:98:in `run_callbacks'
actionpack (5.2.2) lib/action_dispatch/middleware/callbacks.rb:26:in `call'
actionpack (5.2.2) lib/action_dispatch/middleware/executor.rb:14:in `call'
actionpack (5.2.2) lib/action_dispatch/middleware/debug_exceptions.rb:61:in `call'
web-console (3.7.0) lib/web_console/middleware.rb:135:in `call_app'
web-console (3.7.0) lib/web_console/middleware.rb:30:in `block in call'
web-console (3.7.0) lib/web_console/middleware.rb:20:in `catch'
web-console (3.7.0) lib/web_console/middleware.rb:20:in `call'
actionpack (5.2.2) lib/action_dispatch/middleware/show_exceptions.rb:33:in `call'
railties (5.2.2) lib/rails/rack/logger.rb:38:in `call_app'
railties (5.2.2) lib/rails/rack/logger.rb:26:in `block in call'
activesupport (5.2.2) lib/active_support/tagged_logging.rb:71:in `block in tagged'
activesupport (5.2.2) lib/active_support/tagged_logging.rb:28:in `tagged'
activesupport (5.2.2) lib/active_support/tagged_logging.rb:71:in `tagged'
railties (5.2.2) lib/rails/rack/logger.rb:26:in `call'
sprockets-rails (3.2.1) lib/sprockets/rails/quiet_assets.rb:13:in `call'
actionpack (5.2.2) lib/action_dispatch/middleware/remote_ip.rb:81:in `call'
actionpack (5.2.2) lib/action_dispatch/middleware/request_id.rb:27:in `call'
rack (2.0.6) lib/rack/method_override.rb:22:in `call'
rack (2.0.6) lib/rack/runtime.rb:22:in `call'
activesupport (5.2.2) lib/active_support/cache/strategy/local_cache_middleware.rb:29:in `call'
actionpack (5.2.2) lib/action_dispatch/middleware/executor.rb:14:in `call'
actionpack (5.2.2) lib/action_dispatch/middleware/static.rb:127:in `call'
rack (2.0.6) lib/rack/sendfile.rb:111:in `call'
railties (5.2.2) lib/rails/engine.rb:524:in `call'
puma (3.12.0) lib/puma/configuration.rb:225:in `call'
puma (3.12.0) lib/puma/server.rb:658:in `handle_request'
puma (3.12.0) lib/puma/server.rb:472:in `process_client'
puma (3.12.0) lib/puma/server.rb:332:in `block in run'
puma (3.12.0) lib/puma/thread_pool.rb:133:in `block in spawn_thread'
Started GET "/owners/new" for 127.0.0.1 at 2019-02-06 13:46:35 +0000
Processing by OwnersController#new as HTML
  Rendering owners/new.html.erb within layouts/application
  Rendered owners/new.html.erb within layouts/application (11.7ms)
Completed 200 OK in 39ms (Views: 34.9ms | ActiveRecord: 0.0ms)


Started POST "/owners" for 127.0.0.1 at 2019-02-06 13:46:39 +0000
  
AbstractController::ActionNotFound (The action 'create' could not be found for OwnersController):
  
actionpack (5.2.2) lib/abstract_controller/base.rb:129:in `process'
actionview (5.2.2) lib/action_view/rendering.rb:32:in `process'
actionpack (5.2.2) lib/action_controller/metal.rb:191:in `dispatch'
actionpack (5.2.2) lib/action_controller/metal.rb:252:in `dispatch'
actionpack (5.2.2) lib/action_dispatch/routing/route_set.rb:52:in `dispatch'
actionpack (5.2.2) lib/action_dispatch/routing/route_set.rb:34:in `serve'
actionpack (5.2.2) lib/action_dispatch/journey/router.rb:52:in `block in serve'
actionpack (5.2.2) lib/action_dispatch/journey/router.rb:35:in `each'
actionpack (5.2.2) lib/action_dispatch/journey/router.rb:35:in `serve'
actionpack (5.2.2) lib/action_dispatch/routing/route_set.rb:840:in `call'
rack (2.0.6) lib/rack/tempfile_reaper.rb:15:in `call'
rack (2.0.6) lib/rack/etag.rb:25:in `call'
rack (2.0.6) lib/rack/conditional_get.rb:38:in `call'
rack (2.0.6) lib/rack/head.rb:12:in `call'
actionpack (5.2.2) lib/action_dispatch/http/content_security_policy.rb:18:in `call'
rack (2.0.6) lib/rack/session/abstract/id.rb:232:in `context'
rack (2.0.6) lib/rack/session/abstract/id.rb:226:in `call'
actionpack (5.2.2) lib/action_dispatch/middleware/cookies.rb:670:in `call'
activerecord (5.2.2) lib/active_record/migration.rb:559:in `call'
actionpack (5.2.2) lib/action_dispatch/middleware/callbacks.rb:28:in `block in call'
activesupport (5.2.2) lib/active_support/callbacks.rb:98:in `run_callbacks'
actionpack (5.2.2) lib/action_dispatch/middleware/callbacks.rb:26:in `call'
actionpack (5.2.2) lib/action_dispatch/middleware/executor.rb:14:in `call'
actionpack (5.2.2) lib/action_dispatch/middleware/debug_exceptions.rb:61:in `call'
web-console (3.7.0) lib/web_console/middleware.rb:135:in `call_app'
web-console (3.7.0) lib/web_console/middleware.rb:30:in `block in call'
web-console (3.7.0) lib/web_console/middleware.rb:20:in `catch'
web-console (3.7.0) lib/web_console/middleware.rb:20:in `call'
actionpack (5.2.2) lib/action_dispatch/middleware/show_exceptions.rb:33:in `call'
railties (5.2.2) lib/rails/rack/logger.rb:38:in `call_app'
railties (5.2.2) lib/rails/rack/logger.rb:26:in `block in call'
activesupport (5.2.2) lib/active_support/tagged_logging.rb:71:in `block in tagged'
activesupport (5.2.2) lib/active_support/tagged_logging.rb:28:in `tagged'
activesupport (5.2.2) lib/active_support/tagged_logging.rb:71:in `tagged'
railties (5.2.2) lib/rails/rack/logger.rb:26:in `call'
sprockets-rails (3.2.1) lib/sprockets/rails/quiet_assets.rb:13:in `call'
actionpack (5.2.2) lib/action_dispatch/middleware/remote_ip.rb:81:in `call'
actionpack (5.2.2) lib/action_dispatch/middleware/request_id.rb:27:in `call'
rack (2.0.6) lib/rack/method_override.rb:22:in `call'
rack (2.0.6) lib/rack/runtime.rb:22:in `call'
activesupport (5.2.2) lib/active_support/cache/strategy/local_cache_middleware.rb:29:in `call'
actionpack (5.2.2) lib/action_dispatch/middleware/executor.rb:14:in `call'
actionpack (5.2.2) lib/action_dispatch/middleware/static.rb:127:in `call'
rack (2.0.6) lib/rack/sendfile.rb:111:in `call'
railties (5.2.2) lib/rails/engine.rb:524:in `call'
puma (3.12.0) lib/puma/configuration.rb:225:in `call'
puma (3.12.0) lib/puma/server.rb:658:in `handle_request'
puma (3.12.0) lib/puma/server.rb:472:in `process_client'
puma (3.12.0) lib/puma/server.rb:332:in `block in run'
puma (3.12.0) lib/puma/thread_pool.rb:133:in `block in spawn_thread'
Started POST "/owners" for 127.0.0.1 at 2019-02-06 13:51:38 +0000
Processing by OwnersController#create as HTML
  Parameters: {"utf8"=>"✓", "authenticity_token"=>"8bOs0OMZJOiiGtxDSof4WxWDcEnHvxOZUNBVc2HopJ4sG3RFigcj32f+jfdnIv6Haws6Ztngd3qNC1gTQMTGtg==", "owner"=>{"name"=>"dan"}, "commit"=>"Create Owner"}
  [1m[35m (0.1ms)[0m  [1m[36mbegin transaction[0m
  ↳ app/controllers/owners_controller.rb:8
  [1m[36mOwner Create (0.6ms)[0m  [1m[32mINSERT INTO "owners" ("name", "created_at", "updated_at") VALUES (?, ?, ?)[0m  [["name", "dan"], ["created_at", "2019-02-06 13:51:38.792770"], ["updated_at", "2019-02-06 13:51:38.792770"]]
  ↳ app/controllers/owners_controller.rb:8
  [1m[35m (1.5ms)[0m  [1m[36mcommit transaction[0m
  ↳ app/controllers/owners_controller.rb:8
Redirected to http://localhost:3000/owners/2
Completed 302 Found in 15ms (ActiveRecord: 3.3ms)


Started GET "/owners/2" for 127.0.0.1 at 2019-02-06 13:51:38 +0000
Processing by OwnersController#show as HTML
  Parameters: {"id"=>"2"}
  [1m[36mOwner Load (0.2ms)[0m  [1m[34mSELECT  "owners".* FROM "owners" WHERE "owners"."id" = ? LIMIT ?[0m  [["id", 2], ["LIMIT", 1]]
  ↳ app/controllers/owners_controller.rb:13
  Rendering owners/show.html.erb within layouts/application
  [1m[36mCar Load (0.1ms)[0m  [1m[34mSELECT "cars".* FROM "cars" WHERE "cars"."owner_id" = ?[0m  [["owner_id", 2]]
  ↳ app/views/owners/show.html.erb:5
  [1m[36mBrand Load (0.1ms)[0m  [1m[34mSELECT "brands".* FROM "brands" INNER JOIN "cars" ON "brands"."id" = "cars"."brand_id" WHERE "cars"."owner_id" = ?[0m  [["owner_id", 2]]
  ↳ app/views/owners/show.html.erb:13
  Rendered owners/show.html.erb within layouts/application (16.7ms)
Completed 200 OK in 41ms (Views: 36.0ms | ActiveRecord: 1.4ms)


Started GET "/cars/new" for 127.0.0.1 at 2019-02-06 13:51:43 +0000
Processing by CarsController#new as HTML
  Rendering cars/new.html.erb within layouts/application
  [1m[36mOwner Load (1.2ms)[0m  [1m[34mSELECT "owners".* FROM "owners"[0m
  ↳ app/views/cars/new.html.erb:4
  [1m[36mMechanic Load (0.3ms)[0m  [1m[34mSELECT "mechanics".* FROM "mechanics"[0m
  ↳ app/views/cars/new.html.erb:6
  [1m[36mBrand Load (0.2ms)[0m  [1m[34mSELECT "brands".* FROM "brands"[0m
  ↳ app/views/cars/new.html.erb:11
  Rendered cars/new.html.erb within layouts/application (23.9ms)
Completed 200 OK in 65ms (Views: 48.0ms | ActiveRecord: 4.0ms)


Started POST "/cars" for 127.0.0.1 at 2019-02-06 13:51:51 +0000
Processing by CarsController#create as HTML
  Parameters: {"utf8"=>"✓", "authenticity_token"=>"VPOHUSKan5LOa9wSHg8UbpKFQT7U9cTQQfTOHVxYgeVdZ7MpIJUaul5RlZ37gNYtxOQlC8e+lytFjhekWftczw==", "car"=>{"owner_id"=>"2", "mechanic_id"=>"1"}, "brand_name"=>"fiat", "commit"=>"Create Car"}
  [1m[35m (0.1ms)[0m  [1m[36mbegin transaction[0m
  ↳ app/controllers/cars_controller.rb:18
  [1m[36mOwner Load (0.1ms)[0m  [1m[34mSELECT  "owners".* FROM "owners" WHERE "owners"."id" = ? LIMIT ?[0m  [["id", 2], ["LIMIT", 1]]
  ↳ app/controllers/cars_controller.rb:18
  [1m[36mMechanic Load (0.1ms)[0m  [1m[34mSELECT  "mechanics".* FROM "mechanics" WHERE "mechanics"."id" = ? LIMIT ?[0m  [["id", 1], ["LIMIT", 1]]
  ↳ app/controllers/cars_controller.rb:18
  [1m[35m (0.1ms)[0m  [1m[31mrollback transaction[0m
  ↳ app/controllers/cars_controller.rb:18
  [1m[36mBrand Load (0.2ms)[0m  [1m[34mSELECT  "brands".* FROM "brands" WHERE "brands"."name" = ? LIMIT ?[0m  [["name", "fiat"], ["LIMIT", 1]]
  ↳ app/controllers/cars_controller.rb:19
  [1m[35m (0.1ms)[0m  [1m[36mbegin transaction[0m
  ↳ app/controllers/cars_controller.rb:19
  [1m[36mBrand Create (0.5ms)[0m  [1m[32mINSERT INTO "brands" ("name", "created_at", "updated_at") VALUES (?, ?, ?)[0m  [["name", "fiat"], ["created_at", "2019-02-06 13:51:51.099813"], ["updated_at", "2019-02-06 13:51:51.099813"]]
  ↳ app/controllers/cars_controller.rb:19
  [1m[35m (1.5ms)[0m  [1m[36mcommit transaction[0m
  ↳ app/controllers/cars_controller.rb:19
  [1m[35m (0.0ms)[0m  [1m[36mbegin transaction[0m
  ↳ app/controllers/cars_controller.rb:20
  [1m[36mCar Create (0.5ms)[0m  [1m[32mINSERT INTO "cars" ("brand_id", "owner_id", "mechanic_id", "created_at", "updated_at") VALUES (?, ?, ?, ?, ?)[0m  [["brand_id", 4], ["owner_id", 2], ["mechanic_id", 1], ["created_at", "2019-02-06 13:51:51.103687"], ["updated_at", "2019-02-06 13:51:51.103687"]]
  ↳ app/controllers/cars_controller.rb:20
  [1m[35m (1.1ms)[0m  [1m[36mcommit transaction[0m
  ↳ app/controllers/cars_controller.rb:20
Redirected to http://localhost:3000/cars/4
Completed 302 Found in 19ms (ActiveRecord: 4.2ms)


Started GET "/cars/4" for 127.0.0.1 at 2019-02-06 13:51:51 +0000
Processing by CarsController#show as HTML
  Parameters: {"id"=>"4"}
  [1m[36mCar Load (0.3ms)[0m  [1m[34mSELECT  "cars".* FROM "cars" WHERE "cars"."id" = ? LIMIT ?[0m  [["id", 4], ["LIMIT", 1]]
  ↳ app/controllers/cars_controller.rb:27
  Rendering cars/show.html.erb within layouts/application
  [1m[36mOwner Load (0.1ms)[0m  [1m[34mSELECT  "owners".* FROM "owners" WHERE "owners"."id" = ? LIMIT ?[0m  [["id", 2], ["LIMIT", 1]]
  ↳ app/views/cars/show.html.erb:1
  [1m[36mBrand Load (0.1ms)[0m  [1m[34mSELECT  "brands".* FROM "brands" WHERE "brands"."id" = ? LIMIT ?[0m  [["id", 4], ["LIMIT", 1]]
  ↳ app/views/cars/show.html.erb:1
  Rendered cars/show.html.erb within layouts/application (2.5ms)
Completed 200 OK in 28ms (Views: 22.5ms | ActiveRecord: 0.5ms)


Started GET "/cars/4" for 127.0.0.1 at 2019-02-06 13:52:34 +0000
Processing by CarsController#show as HTML
  Parameters: {"id"=>"4"}
  [1m[36mCar Load (0.2ms)[0m  [1m[34mSELECT  "cars".* FROM "cars" WHERE "cars"."id" = ? LIMIT ?[0m  [["id", 4], ["LIMIT", 1]]
  ↳ app/controllers/cars_controller.rb:27
  Rendering cars/show.html.erb within layouts/application
  [1m[36mOwner Load (0.1ms)[0m  [1m[34mSELECT  "owners".* FROM "owners" WHERE "owners"."id" = ? LIMIT ?[0m  [["id", 2], ["LIMIT", 1]]
  ↳ app/views/cars/show.html.erb:1
  [1m[36mBrand Load (0.1ms)[0m  [1m[34mSELECT  "brands".* FROM "brands" WHERE "brands"."id" = ? LIMIT ?[0m  [["id", 4], ["LIMIT", 1]]
  ↳ app/views/cars/show.html.erb:1
  Rendered cars/show.html.erb within layouts/application (2.1ms)
Completed 200 OK in 30ms (Views: 24.5ms | ActiveRecord: 0.4ms)


Started GET "/owners/2" for 127.0.0.1 at 2019-02-06 13:52:36 +0000
Processing by OwnersController#show as HTML
  Parameters: {"id"=>"2"}
  [1m[36mOwner Load (0.2ms)[0m  [1m[34mSELECT  "owners".* FROM "owners" WHERE "owners"."id" = ? LIMIT ?[0m  [["id", 2], ["LIMIT", 1]]
  ↳ app/controllers/owners_controller.rb:13
  Rendering owners/show.html.erb within layouts/application
  [1m[36mCar Load (0.2ms)[0m  [1m[34mSELECT "cars".* FROM "cars" WHERE "cars"."owner_id" = ?[0m  [["owner_id", 2]]
  ↳ app/views/owners/show.html.erb:5
  [1m[36mBrand Load (0.1ms)[0m  [1m[34mSELECT  "brands".* FROM "brands" WHERE "brands"."id" = ? LIMIT ?[0m  [["id", 4], ["LIMIT", 1]]
  ↳ app/views/owners/show.html.erb:7
  [1m[36mBrand Load (0.1ms)[0m  [1m[34mSELECT "brands".* FROM "brands" INNER JOIN "cars" ON "brands"."id" = "cars"."brand_id" WHERE "cars"."owner_id" = ?[0m  [["owner_id", 2]]
  ↳ app/views/owners/show.html.erb:13
  Rendered owners/show.html.erb within layouts/application (4.9ms)
Completed 200 OK in 54ms (Views: 46.2ms | ActiveRecord: 0.6ms)


Started GET "/brands/4" for 127.0.0.1 at 2019-02-06 13:52:38 +0000
  
AbstractController::ActionNotFound (The action 'show' could not be found for BrandsController):
  
actionpack (5.2.2) lib/abstract_controller/base.rb:129:in `process'
actionview (5.2.2) lib/action_view/rendering.rb:32:in `process'
actionpack (5.2.2) lib/action_controller/metal.rb:191:in `dispatch'
actionpack (5.2.2) lib/action_controller/metal.rb:252:in `dispatch'
actionpack (5.2.2) lib/action_dispatch/routing/route_set.rb:52:in `dispatch'
actionpack (5.2.2) lib/action_dispatch/routing/route_set.rb:34:in `serve'
actionpack (5.2.2) lib/action_dispatch/journey/router.rb:52:in `block in serve'
actionpack (5.2.2) lib/action_dispatch/journey/router.rb:35:in `each'
actionpack (5.2.2) lib/action_dispatch/journey/router.rb:35:in `serve'
actionpack (5.2.2) lib/action_dispatch/routing/route_set.rb:840:in `call'
rack (2.0.6) lib/rack/tempfile_reaper.rb:15:in `call'
rack (2.0.6) lib/rack/etag.rb:25:in `call'
rack (2.0.6) lib/rack/conditional_get.rb:25:in `call'
rack (2.0.6) lib/rack/head.rb:12:in `call'
actionpack (5.2.2) lib/action_dispatch/http/content_security_policy.rb:18:in `call'
rack (2.0.6) lib/rack/session/abstract/id.rb:232:in `context'
rack (2.0.6) lib/rack/session/abstract/id.rb:226:in `call'
actionpack (5.2.2) lib/action_dispatch/middleware/cookies.rb:670:in `call'
activerecord (5.2.2) lib/active_record/migration.rb:559:in `call'
actionpack (5.2.2) lib/action_dispatch/middleware/callbacks.rb:28:in `block in call'
activesupport (5.2.2) lib/active_support/callbacks.rb:98:in `run_callbacks'
actionpack (5.2.2) lib/action_dispatch/middleware/callbacks.rb:26:in `call'
actionpack (5.2.2) lib/action_dispatch/middleware/executor.rb:14:in `call'
actionpack (5.2.2) lib/action_dispatch/middleware/debug_exceptions.rb:61:in `call'
web-console (3.7.0) lib/web_console/middleware.rb:135:in `call_app'
web-console (3.7.0) lib/web_console/middleware.rb:30:in `block in call'
web-console (3.7.0) lib/web_console/middleware.rb:20:in `catch'
web-console (3.7.0) lib/web_console/middleware.rb:20:in `call'
actionpack (5.2.2) lib/action_dispatch/middleware/show_exceptions.rb:33:in `call'
railties (5.2.2) lib/rails/rack/logger.rb:38:in `call_app'
railties (5.2.2) lib/rails/rack/logger.rb:26:in `block in call'
activesupport (5.2.2) lib/active_support/tagged_logging.rb:71:in `block in tagged'
activesupport (5.2.2) lib/active_support/tagged_logging.rb:28:in `tagged'
activesupport (5.2.2) lib/active_support/tagged_logging.rb:71:in `tagged'
railties (5.2.2) lib/rails/rack/logger.rb:26:in `call'
sprockets-rails (3.2.1) lib/sprockets/rails/quiet_assets.rb:13:in `call'
actionpack (5.2.2) lib/action_dispatch/middleware/remote_ip.rb:81:in `call'
actionpack (5.2.2) lib/action_dispatch/middleware/request_id.rb:27:in `call'
rack (2.0.6) lib/rack/method_override.rb:22:in `call'
rack (2.0.6) lib/rack/runtime.rb:22:in `call'
activesupport (5.2.2) lib/active_support/cache/strategy/local_cache_middleware.rb:29:in `call'
actionpack (5.2.2) lib/action_dispatch/middleware/executor.rb:14:in `call'
actionpack (5.2.2) lib/action_dispatch/middleware/static.rb:127:in `call'
rack (2.0.6) lib/rack/sendfile.rb:111:in `call'
railties (5.2.2) lib/rails/engine.rb:524:in `call'
puma (3.12.0) lib/puma/configuration.rb:225:in `call'
puma (3.12.0) lib/puma/server.rb:658:in `handle_request'
puma (3.12.0) lib/puma/server.rb:472:in `process_client'
puma (3.12.0) lib/puma/server.rb:332:in `block in run'
puma (3.12.0) lib/puma/thread_pool.rb:133:in `block in spawn_thread'
Started GET "/owners/2" for 127.0.0.1 at 2019-02-06 13:52:40 +0000
Processing by OwnersController#show as HTML
  Parameters: {"id"=>"2"}
  [1m[36mOwner Load (0.4ms)[0m  [1m[34mSELECT  "owners".* FROM "owners" WHERE "owners"."id" = ? LIMIT ?[0m  [["id", 2], ["LIMIT", 1]]
  ↳ app/controllers/owners_controller.rb:13
  Rendering owners/show.html.erb within layouts/application
  [1m[36mCar Load (0.2ms)[0m  [1m[34mSELECT "cars".* FROM "cars" WHERE "cars"."owner_id" = ?[0m  [["owner_id", 2]]
  ↳ app/views/owners/show.html.erb:5
  [1m[36mBrand Load (0.1ms)[0m  [1m[34mSELECT  "brands".* FROM "brands" WHERE "brands"."id" = ? LIMIT ?[0m  [["id", 4], ["LIMIT", 1]]
  ↳ app/views/owners/show.html.erb:7
  [1m[36mBrand Load (0.2ms)[0m  [1m[34mSELECT "brands".* FROM "brands" INNER JOIN "cars" ON "brands"."id" = "cars"."brand_id" WHERE "cars"."owner_id" = ?[0m  [["owner_id", 2]]
  ↳ app/views/owners/show.html.erb:13
  Rendered owners/show.html.erb within layouts/application (7.4ms)
Completed 200 OK in 47ms (Views: 40.4ms | ActiveRecord: 0.9ms)


  [1m[36mMechanic Load (0.1ms)[0m  [1m[34mSELECT  "mechanics".* FROM "mechanics" ORDER BY "mechanics"."id" ASC LIMIT ?[0m  [["LIMIT", 1]]
  [1m[36mBrand Load (0.2ms)[0m  [1m[34mSELECT "brands".* FROM "brands" INNER JOIN "cars" ON "brands"."id" = "cars"."brand_id" WHERE "cars"."mechanic_id" = ?[0m  [["mechanic_id", 1]]
  [1m[36mCar Load (0.4ms)[0m  [1m[34mSELECT  "cars".* FROM "cars" WHERE "cars"."mechanic_id" = ? LIMIT ?[0m  [["mechanic_id", 1], ["LIMIT", 11]]
