  [1m[35m (0.1ms)[0m  [1m[34mSELECT sqlite_version(*)[0m
  ↳ bin/rails:9
  [1m[35m (1.5ms)[0m  [1m[35mCREATE TABLE "schema_migrations" ("version" varchar NOT NULL PRIMARY KEY)[0m
  ↳ bin/rails:9
  [1m[35m (1.5ms)[0m  [1m[35mCREATE TABLE "ar_internal_metadata" ("key" varchar NOT NULL PRIMARY KEY, "value" varchar, "created_at" datetime NOT NULL, "updated_at" datetime NOT NULL)[0m
  ↳ bin/rails:9
  [1m[35m (0.5ms)[0m  [1m[34mSELECT "schema_migrations"."version" FROM "schema_migrations" ORDER BY "schema_migrations"."version" ASC[0m
  ↳ bin/rails:9
Migrating to CreateTrains (20190131113948)
  [1m[35m (0.1ms)[0m  [1m[36mbegin transaction[0m
  ↳ bin/rails:9
  [1m[35m (0.6ms)[0m  [1m[35mCREATE TABLE "trains" ("id" integer PRIMARY KEY AUTOINCREMENT NOT NULL, "name" varchar, "price" integer, "created_at" datetime NOT NULL, "updated_at" datetime NOT NULL)[0m
  ↳ db/migrate/20190131113948_create_trains.rb:3
  [1m[36mActiveRecord::SchemaMigration Create (1.3ms)[0m  [1m[32mINSERT INTO "schema_migrations" ("version") VALUES (?)[0m  [["version", "20190131113948"]]
  ↳ bin/rails:9
  [1m[35m (1.2ms)[0m  [1m[36mcommit transaction[0m
  ↳ bin/rails:9
  [1m[36mActiveRecord::InternalMetadata Load (0.3ms)[0m  [1m[34mSELECT  "ar_internal_metadata".* FROM "ar_internal_metadata" WHERE "ar_internal_metadata"."key" = ? LIMIT ?[0m  [["key", "environment"], ["LIMIT", 1]]
  ↳ bin/rails:9
  [1m[35m (0.2ms)[0m  [1m[36mbegin transaction[0m
  ↳ bin/rails:9
  [1m[36mActiveRecord::InternalMetadata Create (0.4ms)[0m  [1m[32mINSERT INTO "ar_internal_metadata" ("key", "value", "created_at", "updated_at") VALUES (?, ?, ?, ?)[0m  [["key", "environment"], ["value", "development"], ["created_at", "2019-01-31 11:40:50.483887"], ["updated_at", "2019-01-31 11:40:50.483887"]]
  ↳ bin/rails:9
  [1m[35m (0.8ms)[0m  [1m[36mcommit transaction[0m
  ↳ bin/rails:9
  [1m[35m (0.1ms)[0m  [1m[34mSELECT "schema_migrations"."version" FROM "schema_migrations" ORDER BY "schema_migrations"."version" ASC[0m
  ↳ bin/rails:9
  [1m[36mTrain Load (0.8ms)[0m  [1m[34mSELECT  "trains".* FROM "trains" LIMIT ?[0m  [["LIMIT", 11]]
  [1m[36mTrain Load (0.1ms)[0m  [1m[34mSELECT  "trains".* FROM "trains" ORDER BY "trains"."id" ASC LIMIT ?[0m  [["LIMIT", 1]]
  [1m[36mTrain Load (0.4ms)[0m  [1m[34mSELECT  "trains".* FROM "trains" ORDER BY "trains"."id" ASC LIMIT ?[0m  [["LIMIT", 1]]
  [1m[35m (0.4ms)[0m  [1m[36mbegin transaction[0m
  [1m[36mTrain Create (1.3ms)[0m  [1m[32mINSERT INTO "trains" ("name", "price", "created_at", "updated_at") VALUES (?, ?, ?, ?)[0m  [["name", "Thomas the Tank Engine"], ["price", 13], ["created_at", "2019-01-31 11:44:26.539782"], ["updated_at", "2019-01-31 11:44:26.539782"]]
  [1m[35m (2.4ms)[0m  [1m[36mcommit transaction[0m
  [1m[35m (0.1ms)[0m  [1m[36mbegin transaction[0m
  [1m[36mTrain Create (0.5ms)[0m  [1m[32mINSERT INTO "trains" ("name", "price", "created_at", "updated_at") VALUES (?, ?, ?, ?)[0m  [["name", "Jeffersons Choo Choo Car"], ["price", 313], ["created_at", "2019-01-31 11:44:26.547461"], ["updated_at", "2019-01-31 11:44:26.547461"]]
  [1m[35m (1.6ms)[0m  [1m[36mcommit transaction[0m
  [1m[35m (0.1ms)[0m  [1m[36mbegin transaction[0m
  [1m[36mTrain Create (0.3ms)[0m  [1m[32mINSERT INTO "trains" ("name", "price", "created_at", "updated_at") VALUES (?, ?, ?, ?)[0m  [["name", "A metal snake"], ["price", 35313], ["created_at", "2019-01-31 11:44:26.552069"], ["updated_at", "2019-01-31 11:44:26.552069"]]
  [1m[35m (0.7ms)[0m  [1m[36mcommit transaction[0m
  [1m[35m (0.0ms)[0m  [1m[36mbegin transaction[0m
  [1m[36mTrain Create (0.3ms)[0m  [1m[32mINSERT INTO "trains" ("name", "price", "created_at", "updated_at") VALUES (?, ?, ?, ?)[0m  [["name", "Hogwarts Express"], ["price", 5313], ["created_at", "2019-01-31 11:44:26.554228"], ["updated_at", "2019-01-31 11:44:26.554228"]]
  [1m[35m (1.2ms)[0m  [1m[36mcommit transaction[0m
  [1m[36mTrain Load (0.2ms)[0m  [1m[34mSELECT  "trains".* FROM "trains" ORDER BY "trains"."id" ASC LIMIT ?[0m  [["LIMIT", 1]]
  [1m[36mTrain Load (0.4ms)[0m  [1m[34mSELECT  "trains".* FROM "trains" ORDER BY "trains"."id" ASC LIMIT ? OFFSET ?[0m  [["LIMIT", 1], ["OFFSET", 1]]
Started GET "/" for 127.0.0.1 at 2019-01-31 11:47:16 +0000
  [1m[35m (0.3ms)[0m  [1m[34mSELECT "schema_migrations"."version" FROM "schema_migrations" ORDER BY "schema_migrations"."version" ASC[0m
  ↳ /Users/dkaczmarczyk/.rvm/gems/ruby-2.3.3/gems/activerecord-5.2.2/lib/active_record/log_subscriber.rb:98
Processing by Rails::WelcomeController#index as HTML
  Rendering /Users/dkaczmarczyk/.rvm/gems/ruby-2.3.3/gems/railties-5.2.2/lib/rails/templates/rails/welcome/index.html.erb
  Rendered /Users/dkaczmarczyk/.rvm/gems/ruby-2.3.3/gems/railties-5.2.2/lib/rails/templates/rails/welcome/index.html.erb (4.9ms)
Completed 200 OK in 25ms (Views: 13.3ms | ActiveRecord: 0.0ms)


Started GET "/trains" for 127.0.0.1 at 2019-01-31 11:47:19 +0000
Processing by TrainsController#index as HTML
  Rendering trains/index.html.erb within layouts/application
  [1m[36mTrain Load (1.1ms)[0m  [1m[34mSELECT "trains".* FROM "trains"[0m
  ↳ app/views/trains/index.html.erb:4
  Rendered trains/index.html.erb within layouts/application (27.9ms)
Completed 200 OK in 329ms (Views: 317.7ms | ActiveRecord: 2.3ms)


Started GET "/trains/1" for 127.0.0.1 at 2019-01-31 11:47:45 +0000
Processing by TrainsController#show as HTML
  Parameters: {"id"=>"1"}
  [1m[36mTrain Load (0.2ms)[0m  [1m[34mSELECT  "trains".* FROM "trains" WHERE "trains"."id" = ? LIMIT ?[0m  [["id", 1], ["LIMIT", 1]]
  ↳ app/controllers/trains_controller.rb:8
  Rendering trains/show.html.erb within layouts/application
  Rendered trains/show.html.erb within layouts/application (0.9ms)
Completed 200 OK in 42ms (Views: 23.4ms | ActiveRecord: 0.9ms)


Started GET "/trains" for 127.0.0.1 at 2019-01-31 11:47:48 +0000
Processing by TrainsController#index as HTML
  Rendering trains/index.html.erb within layouts/application
  [1m[36mTrain Load (0.3ms)[0m  [1m[34mSELECT "trains".* FROM "trains"[0m
  ↳ app/views/trains/index.html.erb:4
  Rendered trains/index.html.erb within layouts/application (4.2ms)
Completed 200 OK in 49ms (Views: 40.9ms | ActiveRecord: 0.3ms)


Started GET "/trains/2" for 127.0.0.1 at 2019-01-31 11:47:49 +0000
Processing by TrainsController#show as HTML
  Parameters: {"id"=>"2"}
  [1m[36mTrain Load (0.2ms)[0m  [1m[34mSELECT  "trains".* FROM "trains" WHERE "trains"."id" = ? LIMIT ?[0m  [["id", 2], ["LIMIT", 1]]
  ↳ app/controllers/trains_controller.rb:8
  Rendering trains/show.html.erb within layouts/application
  Rendered trains/show.html.erb within layouts/application (0.7ms)
Completed 200 OK in 42ms (Views: 35.3ms | ActiveRecord: 0.2ms)


Started GET "/trains/2" for 127.0.0.1 at 2019-01-31 11:48:13 +0000
Processing by TrainsController#show as HTML
  Parameters: {"id"=>"2"}
  [1m[36mTrain Load (0.2ms)[0m  [1m[34mSELECT  "trains".* FROM "trains" WHERE "trains"."id" = ? LIMIT ?[0m  [["id", 2], ["LIMIT", 1]]
  ↳ app/controllers/trains_controller.rb:8
  Rendering trains/show.html.erb within layouts/application
  Rendered trains/show.html.erb within layouts/application (0.7ms)
Completed 200 OK in 34ms (Views: 25.1ms | ActiveRecord: 0.2ms)


Started GET "/trains/2" for 127.0.0.1 at 2019-01-31 11:51:50 +0000
Processing by TrainsController#show as HTML
  Parameters: {"id"=>"2"}
  [1m[36mTrain Load (0.2ms)[0m  [1m[34mSELECT  "trains".* FROM "trains" WHERE "trains"."id" = ? LIMIT ?[0m  [["id", 2], ["LIMIT", 1]]
  ↳ app/controllers/trains_controller.rb:8
  Rendering trains/show.html.erb within layouts/application
  Rendered trains/show.html.erb within layouts/application (0.7ms)
Completed 200 OK in 44ms (Views: 31.2ms | ActiveRecord: 0.8ms)


Started GET "/trains" for 127.0.0.1 at 2019-01-31 11:52:31 +0000
Processing by TrainsController#index as HTML
  Rendering trains/index.html.erb within layouts/application
  [1m[36mTrain Load (0.3ms)[0m  [1m[34mSELECT "trains".* FROM "trains"[0m
  ↳ app/views/trains/index.html.erb:4
  Rendered trains/index.html.erb within layouts/application (2.8ms)
Completed 200 OK in 51ms (Views: 41.3ms | ActiveRecord: 0.3ms)


Started GET "/trains/4" for 127.0.0.1 at 2019-01-31 11:54:57 +0000
Processing by TrainsController#show as HTML
  Parameters: {"id"=>"4"}
  [1m[36mTrain Load (0.2ms)[0m  [1m[34mSELECT  "trains".* FROM "trains" WHERE "trains"."id" = ? LIMIT ?[0m  [["id", 4], ["LIMIT", 1]]
  ↳ app/controllers/trains_controller.rb:8
  Rendering trains/show.html.erb within layouts/application
  Rendered trains/show.html.erb within layouts/application (1.4ms)
Completed 200 OK in 51ms (Views: 42.0ms | ActiveRecord: 0.2ms)


Started GET "/trains" for 127.0.0.1 at 2019-01-31 11:55:05 +0000
Processing by TrainsController#index as HTML
  Rendering trains/index.html.erb within layouts/application
  [1m[36mTrain Load (0.3ms)[0m  [1m[34mSELECT "trains".* FROM "trains"[0m
  ↳ app/views/trains/index.html.erb:4
  Rendered trains/index.html.erb within layouts/application (4.4ms)
Completed 200 OK in 65ms (Views: 54.1ms | ActiveRecord: 0.3ms)


Started GET "/trains" for 127.0.0.1 at 2019-01-31 11:56:37 +0000
Processing by TrainsController#index as HTML
  [1m[36mTrain Load (0.4ms)[0m  [1m[34mSELECT  "trains".* FROM "trains" LIMIT ?[0m  [["LIMIT", 11]]
  ↳ app/controllers/trains_controller.rb:6
  Rendering trains/index.html.erb within layouts/application
  [1m[36mTrain Load (0.2ms)[0m  [1m[34mSELECT "trains".* FROM "trains"[0m
  ↳ app/views/trains/index.html.erb:4
  Rendered trains/index.html.erb within layouts/application (2.4ms)
Completed 200 OK in 39585ms (Views: 26.6ms | ActiveRecord: 2.2ms)


